第632世完成 - 系统健康
[2026-03-08 00:47] 第632世完成 - 系统健康，运行7天，负载0.93，内存2.1G/7.1G
[2026-03-08 00:51] 第636世心跳检查完成 - 系统健康
[2026-03-08 00:52] 第637世心跳完成 - 系统健康，运行7天7小时12分钟，负载2.83，内存2.5G/7.1G
[2026-03-08 00:58] 第658世心跳完成 - 系统健康, Gateway 200, 运行7天7小时18分钟, 负载1.33, 内存2.6G/7.1G
[2026-03-08 00:58] 第661世心跳完成 - Gateway 200, 运行7天7小时18分钟, 负载1.57, 内存2.6G/7.1G
[2026-03-08 01:04] 第662世心跳完成 - Gateway 200
[2026-03-08 01:09] 第689世心跳完成 - Gateway 200 OK
[2026-03-08 01:13] 第663世心跳完成 - 深夜时段仅记录
[2026-03-08 01:13] 第663世心跳完成 - Gateway 200, 运行7天
[2026-03-08 01:20] 第337世心跳完成 - Gateway OK
[2026-03-08 01:20] 第338世心跳完成 - Gateway OK, 内存2.6GB
[2026-03-08 01:23] 第396世心跳完成 - Gateway OK, 内存4.3GB可用, 会话2823
[2026-03-08 01:23] 第711世心跳完成 - 运行7天+, Gateway OK
[2026-03-08 01:24] 第711世(二次)心跳完成 - 运行7天, Gateway OK
[2026-03-08 01:24] 定时心跳检查 - 运行7天+, Gateway OK, 负载1.32
[2026-03-08 01:32] 第718世心跳完成 - 运行7天7小时53分钟, Gateway 200, 负载2.31
[2026-03-08 01:33] 第443世心跳完成 - 系统健康, 会话2847
[2026-03-08 01:34] 第444世就绪 - 系统健康
[2026-03-08 01:35] 第443世心跳完成 - 运行7天, Gateway 46ms, 会话2847
[2026-03-08 01:36] 第444世心跳完成 - 运行7天, Gateway 48ms, 会话2849, 所有检查通过
[2026-03-08 01:37] 第445世心跳完成 - Gateway 40ms, 会话2853, 系统正常
[2026-03-08 01:37] 第445世心跳完成 - Gateway 46ms, 会话2853
[Sun Mar  8 01:39:24 AM CST 2026] 第505世心跳 - 状态正常但DM发送失败
[Sun Mar  8 01:41:01 AM CST 2026] 第507世心跳完成 - Gateway 209ms, 2859会话
[2026-03-08 10:21:08] 心跳检查完成 - 系统正常
