[2026-03-05T03:36:42.332993+00:00] ==================================================
[2026-03-05T03:36:42.333445+00:00] 🎯 奥创转世系统 V2 - 闭环版
[2026-03-05T03:36:42.333522+00:00] ==================================================
[2026-03-05T03:36:42.333558+00:00] 📖 读取状态...
[2026-03-05T03:36:42.334130+00:00]    第79世 → 夙愿: 模块整合与实用化
[2026-03-05T03:36:42.334344+00:00] 🔍 检查上一世完成情况...
[2026-03-05T03:36:42.334458+00:00] 🔍 检查上一世: 添加自动告警记录功能
[2026-03-05T03:36:42.334511+00:00]    上一世: 添加自动告警记录功能
[2026-03-05T03:36:42.334562+00:00]    验证状态: {'alert_store_created': True, 'alerter_integrated': True, 'api_created': True, 'verified_at': '2026-03-05T11:35Z'}
[2026-03-05T03:36:42.334599+00:00] 🤔 决策...
[2026-03-05T03:36:42.334653+00:00]    本世任务: 修复: 添加自动告警记录功能
[2026-03-05T03:36:42.334692+00:00] ⚡ 执行任务: 修复: 添加自动告警记录功能
[2026-03-05T03:36:42.334736+00:00]    状态: completed
[2026-03-05T03:36:42.335847+00:00] 💾 状态已更新: 第80世
[2026-03-05T03:36:46.687039+00:00]    ⚠️ 清理旧cron失败: 'str' object has no attribute 'get'
[2026-03-05T03:36:51.062031+00:00] ⏰ 下次醒来: 3m后
[2026-03-05T03:36:51.062149+00:00] ==================================================
[2026-03-05T03:36:51.062206+00:00] ✅ 第80世完成
[2026-03-05T03:36:51.062231+00:00] ==================================================
[03:45:10] 📘 🦞 奥创转世系统 V3 - 统一版
[03:45:10] 📘 📖 读取状态...
[03:45:10] 📘    夙愿: 模块整合与实用化 (0%)
[03:45:10] 📘    当前: 第0世
[03:45:10] 📘 🔍 检查上一世...
[03:45:10] 📘 🔍 复查上一世: 优化监控脚本：并行检查、添加更多站点分类
[03:45:10] 📘    状态: completed | 验证: N/A
[03:45:10] 📘 🤔 决策...
[03:45:10] 📘    本世任务: 完善Dashboard：添加分类筛选和实时状态展示
[03:45:10] 📘    原因: 执行计划任务
[03:45:10] 📘 ⚡ 执行: 完善Dashboard：添加分类筛选和实时状态展示 (execute)
[03:45:10] ✅    结果: completed
[03:45:10] ✅ 💾 状态已更新: 第1世
[03:45:10] 📘    🗑️ 已删除 ultron/brain/
[03:45:14] ⚠️    清理旧cron失败: 'str' object has no attribute 'get'
[03:45:19] ✅ ⏰ 下次醒来: 5m后
[03:45:19] ✅ ✅ 第1世完成
[03:46:07] 📘 🦞 奥创转世系统 V3 - 统一版
[03:46:07] 📘 📖 读取状态...
[03:46:07] 📘    夙愿: 模块整合与实用化 (95%)
[03:46:07] 📘    当前: 第1世
[03:46:07] 📘 🔍 检查上一世...
[03:46:07] 📘 🔍 复查上一世: 完善Dashboard：添加分类筛选和实时状态展示
[03:46:07] 📘    状态: completed | 验证: True
[03:46:07] 📘 🤔 决策...
[03:46:07] 📘    本世任务: 系统健康检查
[03:46:07] 📘    原因: 随机行动
[03:46:07] 📘 ⚡ 执行: 系统健康检查 (check)
[03:46:07] ✅    结果: completed
[03:46:07] ✅ 💾 状态已更新: 第2世
[03:46:16] ✅ ⏰ 下次醒来: 5m后
[03:46:16] ✅ ✅ 第2世完成
[04:19:02] 📘 🦞 奥创转世系统 V4 - 优质上下文版
[04:19:02] 📚 📖 读取状态源...
[04:19:02] 📘    当前: 第9世
[04:19:02] 📘    夙愿: 模块整合与实用化 (95%)
[04:19:02] 📚    上世: Dashboard分类筛选和实时状态验证
[04:19:02] 🎯 🤔 智能决策...
[04:19:02] 🎯 🎯 智能决策中...
[04:19:02] 🎯    决策: Dashboard集成新告警API
[04:19:02] 🎯    原因: 推进夙愿: 模块整合与实用化
[04:19:02] 📘 ⚡ 执行任务...
[04:19:02] 📘 ⚡ 执行: Dashboard集成新告警API
[04:19:02] ✅    结果: completed | ⚠️ Dashboard返回: 302
[04:19:02] 📘 💾 更新状态...
[04:19:02] ✅ 💾 状态已更新: 第10世
[04:19:02] ✅    洞察积累: 3条
[04:19:13] ✅ ⏰ 下次醒来: 30m后
[04:19:13] ✅ ✅ 第10世完成 | 洞察: 3条
[2026-03-05T05:43:32.468771+00:00] ==================================================
[2026-03-05T05:43:32.469272+00:00] 🎯 奥创转世系统 V2 - 闭环版
[2026-03-05T05:43:32.469349+00:00] ==================================================
[2026-03-05T05:43:32.469376+00:00] 📖 读取状态...
[2026-03-05T05:43:32.469540+00:00]    第0世 → 夙愿: None
[2026-03-05T05:43:32.469576+00:00] 🔍 检查上一世完成情况...
[2026-03-05T05:43:32.469600+00:00] 🔍 检查上一世: 端到端集成测试
[2026-03-05T05:43:32.469623+00:00]    上一世: 端到端集成测试
[2026-03-05T05:43:32.469662+00:00]    验证状态: {'success': True, 'action': 'test'}
[2026-03-05T05:43:32.469685+00:00] 🤔 决策...
[2026-03-05T05:43:32.469711+00:00]    本世任务: 优化与文档完善
[2026-03-05T05:43:32.469732+00:00] ⚡ 执行任务: 优化与文档完善
[2026-03-05T05:43:32.469756+00:00]    状态: completed
[2026-03-05T05:43:32.470363+00:00] 💾 状态已更新: 第1世
[2026-03-05T05:43:36.526933+00:00]    ⚠️ 清理旧cron失败: 'str' object has no attribute 'get'
[2026-03-05T05:43:40.825246+00:00] ⏰ 下次醒来: 5m后
[2026-03-05T05:43:40.825405+00:00] ==================================================
[2026-03-05T05:43:40.825445+00:00] ✅ 第1世完成
[2026-03-05T05:43:40.825469+00:00] ==================================================
[2026-03-05T09:32:07.422222+00:00] ==================================================
[2026-03-05T09:32:07.423295+00:00] 🎯 奥创转世系统 V2 - 闭环版
[2026-03-05T09:32:07.423376+00:00] ==================================================
[2026-03-05T09:32:07.423412+00:00] 📖 读取状态...
[2026-03-05T09:32:07.423723+00:00]    第49世 → 夙愿: 多智能体协作网络
[2026-03-05T09:32:07.423842+00:00] 🔍 检查上一世完成情况...
[2026-03-05T09:32:07.423873+00:00] 🔍 检查上一世: 实现Agent服务健康检测与自动故障恢复
[2026-03-05T09:32:07.423922+00:00]    上一世: 实现Agent服务健康检测与自动故障恢复
[2026-03-05T09:32:07.423971+00:00]    验证状态: {'module_created': True, 'test_demo': 'OK', 'features': ['health_check', 'status_tracking', 'auto_recovery', 'callbacks', 'monitoring'], 'verified_at': '2026-03-05T17:29:00.000000'}
[2026-03-05T09:32:07.423999+00:00] 🤔 决策...
[2026-03-05T09:32:07.424023+00:00]    本世任务: 修复: 实现Agent服务健康检测与自动故障恢复
[2026-03-05T09:32:07.424044+00:00] ⚡ 执行任务: 修复: 实现Agent服务健康检测与自动故障恢复
[2026-03-05T09:32:07.424097+00:00]    状态: completed
[2026-03-05T09:32:07.424485+00:00] 💾 状态已更新: 第50世
[2026-03-05T09:32:12.061155+00:00]    ⚠️ 清理旧cron失败: 'str' object has no attribute 'get'
[2026-03-05T09:32:16.795296+00:00] ⏰ 下次醒来: 3m后
[2026-03-05T09:32:16.795471+00:00] ==================================================
[2026-03-05T09:32:16.795518+00:00] ✅ 第50世完成
[2026-03-05T09:32:16.795541+00:00] ==================================================
[2026-03-05T09:34:19.372705+00:00] ==================================================
[2026-03-05T09:34:19.372913+00:00] 🎯 奥创转世系统 V2 - 闭环版
[2026-03-05T09:34:19.373009+00:00] ==================================================
[2026-03-05T09:34:19.373033+00:00] 📖 读取状态...
[2026-03-05T09:34:19.373234+00:00]    第50世 → 夙愿: 多智能体协作网络
[2026-03-05T09:34:19.373268+00:00] 🔍 检查上一世完成情况...
[2026-03-05T09:34:19.373292+00:00] 🔍 检查上一世: 修复: 实现Agent服务健康检测与自动故障恢复
[2026-03-05T09:34:19.373315+00:00]    上一世: 修复: 实现Agent服务健康检测与自动故障恢复
[2026-03-05T09:34:19.373346+00:00]    验证状态: {'code_running': True, 'verified_by': '默认完成', 'verified_at': '2026-03-05T09:32:07.424092+00:00'}
[2026-03-05T09:34:19.373368+00:00] 🤔 决策...
[2026-03-05T09:34:19.373394+00:00]    本世任务: 实现Agent服务编排与工作流引擎
[2026-03-05T09:34:19.373415+00:00] ⚡ 执行任务: 实现Agent服务编排与工作流引擎
[2026-03-05T09:34:19.373439+00:00]    状态: completed
[2026-03-05T09:34:19.373958+00:00] 💾 状态已更新: 第51世
[2026-03-05T09:34:19.374070+00:00]    📋 下一任务: 实现Agent任务调度与队列管理
[2026-03-05T09:34:23.958627+00:00]    ⚠️ 清理旧cron失败: 'str' object has no attribute 'get'
[2026-03-05T09:34:28.291597+00:00] ⏰ 下次醒来: 5m后
[2026-03-05T09:34:28.291864+00:00] ==================================================
[2026-03-05T09:34:28.291956+00:00] ✅ 第51世完成
[2026-03-05T09:34:28.291983+00:00] ==================================================
[2026-03-05T12:16:26.011678+00:00] ==================================================
[2026-03-05T12:16:26.011904+00:00] 🎯 奥创转世系统 V2 - 闭环版
[2026-03-05T12:16:26.011939+00:00] ==================================================
[2026-03-05T12:16:26.012005+00:00] 📖 读取状态...
[2026-03-05T12:16:26.012278+00:00]    第47世 → 夙愿: 多智能体协作网络
[2026-03-05T12:16:26.012330+00:00] 🔍 检查上一世完成情况...
[2026-03-05T12:16:26.012356+00:00] 🔍 检查上一世: Agent服务网格与流量管理
[2026-03-05T12:16:26.012381+00:00]    上一世: Agent服务网格与流量管理
[2026-03-05T12:16:26.012418+00:00]    验证状态: {'api_running': True, 'port': 8094, 'verified_by': 'pytest - 熔断/限流/路由/服务发现/统计', 'features': ['CircuitBreaker: 失败率熔断/半开恢复/状态回调', 'RateLimiter: 令牌桶/客户端隔离/平滑限流', 'TrafficRouter: 金丝雀/A/B测试/流量镜像/加权均衡', 'ServiceDiscovery: 服务注册/心跳/健康检查', '流量统计: P95/P99延迟/成功率/时间窗口'], 'verified_at': '2026-03-05T20:15:30.000000'}
[2026-03-05T12:16:26.012443+00:00] 🤔 决策...
[2026-03-05T12:16:26.012471+00:00]    本世任务: 修复: Agent服务网格与流量管理
[2026-03-05T12:16:26.012496+00:00] ⚡ 执行任务: 修复: Agent服务网格与流量管理
[2026-03-05T12:16:26.012522+00:00]    状态: completed
[2026-03-05T12:16:26.013145+00:00] 💾 状态已更新: 第48世
[2026-03-05T12:16:26.013265+00:00]    📋 下一任务: 继续完善系统
[2026-03-05T12:16:34.585707+00:00]    🗑️ 已删除旧cron: ultron-life (badddc37...)
[2026-03-05T12:16:38.847878+00:00]    🗑️ 已删除旧cron: ultron-life (c48c1092...)
[2026-03-05T12:16:43.098804+00:00]    🗑️ 已删除旧cron: ultron-life (fc92d451...)
[2026-03-05T12:16:48.234625+00:00]    🗑️ 已删除旧cron: ultron-life (a77d8748...)
[2026-03-05T12:16:52.545782+00:00]    🗑️ 已删除旧cron: ultron-life (c214ad4f...)
