2026-03-06T06:10:26.275394 - Cron触发健康检查开始...
2026-03-06T06:10:26.665962 - 健康检查结果: {"status": "healthy", "healthy": 3, "total": 3}
2026-03-06T06:11:45.678113 - Cron触发健康检查开始...
2026-03-06T06:11:50.709353 - 健康检查结果: {"status": "warning", "healthy": 2, "total": 3, "failed": ["status_panel"]}
2026-03-06T06:11:50.709773 - 日志已记录: 总检查1次，健康0次
2026-03-06T06:28:27.216918 - Cron触发健康检查开始...
2026-03-06T06:28:32.253302 - 健康检查结果: {"status": "warning", "healthy": 2, "total": 3, "failed": ["status_panel"]}
2026-03-06T06:28:32.253753 - 日志已记录: 总检查2次，健康0次
2026-03-06T06:51:48.892250 - Cron触发健康检查开始...
2026-03-06T06:51:51.361425 - 健康检查结果: {"status": "healthy", "healthy": 3, "total": 3}
2026-03-06T06:51:51.361822 - 日志已记录: 总检查3次，健康1次
2026-03-06T08:28:15.924635 - Cron触发健康检查开始...
2026-03-06T08:28:19.746289 - 健康检查结果: {"status": "healthy", "healthy": 3, "total": 3, "recovered": []}
2026-03-06T08:28:19.747147 - 日志已记录: 总检查4次，健康2次
2026-03-06T08:33:24.189531 - Cron触发健康检查开始...
2026-03-06T08:33:28.054329 - 健康检查结果: {"status": "healthy", "healthy": 3, "total": 3, "recovered": []}
2026-03-06T08:33:28.055507 - 日志已记录: 总检查5次，健康3次
2026-03-06T08:38:33.220008 - Cron触发健康检查开始...
2026-03-06T08:38:36.762905 - 健康检查结果: {"status": "healthy", "healthy": 3, "total": 3, "recovered": []}
2026-03-06T08:38:36.763398 - 日志已记录: 总检查6次，健康4次
