2026-03-06T06:09:14.724222 - 开始健康检查...
2026-03-06T06:09:18.659468 - OK: 3/3 服务正常
2026-03-06T06:10:26.278332 - 开始健康检查...
2026-03-06T06:10:26.665802 - OK: 3/3 服务正常
2026-03-06T06:11:45.678958 - 开始健康检查...
2026-03-06T06:11:50.709221 - WARNING: 1个服务异常 - ['status_panel']
2026-03-06T06:28:27.217707 - 开始健康检查...
2026-03-06T06:28:32.253147 - WARNING: 1个服务异常 - ['status_panel']
2026-03-06T06:51:48.892761 - 开始健康检查...
2026-03-06T06:51:51.361285 - OK: 3/3 服务正常
2026-03-06T07:56:33.108994 - 开始健康检查...
2026-03-06T07:56:36.445358 - OK: 3/3 服务正常
2026-03-06T08:28:15.928463 - 开始健康检查...
2026-03-06T08:28:19.745964 - OK: 3/3 服务正常
2026-03-06T08:33:24.190355 - 开始健康检查...
2026-03-06T08:33:28.054085 - OK: 3/3 服务正常
2026-03-06T08:38:33.220668 - 开始健康检查...
2026-03-06T08:38:36.762720 - OK: 3/3 服务正常
2026-03-06T08:43:41.145309 - 开始健康检查...
2026-03-06T08:43:45.222668 - OK: 3/3 服务正常
2026-03-06T08:48:49.631478 - 开始健康检查...
2026-03-06T08:48:53.718938 - OK: 3/3 服务正常
2026-03-06T08:53:07.267868 - 开始健康检查...
2026-03-06T08:53:10.542195 - OK: 3/3 服务正常
2026-03-06T08:53:58.280568 - 开始健康检查...
2026-03-06T08:54:03.013441 - OK: 3/3 服务正常
2026-03-06T08:59:07.782998 - 开始健康检查...
2026-03-06T08:59:11.799703 - OK: 3/3 服务正常
2026-03-06T09:04:16.611400 - 开始健康检查...
2026-03-06T09:04:21.665417 - 尝试恢复 status_panel: systemctl restart status-panel
2026-03-06T09:04:21.670751 - status_panel: 恢复失败 - Failed to restart status-panel.service: Unit status-panel.service not found.

2026-03-06T09:04:21.670847 - WARNING: 1个服务异常 - ['status_panel']
2026-03-06T09:09:28.534781 - 开始健康检查...
2026-03-06T09:09:31.832871 - OK: 3/3 服务正常
2026-03-06T09:14:36.594238 - 开始健康检查...
2026-03-06T09:14:40.751393 - OK: 3/3 服务正常
2026-03-06T09:19:45.705179 - 开始健康检查...
2026-03-06T09:19:49.563147 - OK: 3/3 服务正常
2026-03-06T09:24:54.278826 - 开始健康检查...
2026-03-06T09:24:59.311088 - 尝试恢复 status_panel: systemctl restart status-panel
2026-03-06T09:24:59.323030 - status_panel: 恢复失败 - Failed to restart status-panel.service: Unit status-panel.service not found.

2026-03-06T09:24:59.323246 - WARNING: 1个服务异常 - ['status_panel']
2026-03-06T09:30:05.379921 - 开始健康检查...
2026-03-06T09:30:08.324789 - OK: 3/3 服务正常
2026-03-06T09:35:13.189879 - 开始健康检查...
2026-03-06T09:35:18.065273 - OK: 3/3 服务正常
2026-03-06T09:40:22.767190 - 开始健康检查...
2026-03-06T09:40:23.613143 - OK: 3/3 服务正常
2026-03-06T09:45:28.297987 - 开始健康检查...
2026-03-06T09:45:29.975086 - OK: 3/3 服务正常
2026-03-06T09:50:34.776991 - 开始健康检查...
2026-03-06T09:50:36.800614 - OK: 3/3 服务正常
2026-03-06T09:55:41.994471 - 开始健康检查...
2026-03-06T09:55:42.642097 - OK: 3/3 服务正常
2026-03-06T10:00:47.590248 - 开始健康检查...
2026-03-06T10:00:50.525326 - OK: 3/3 服务正常
2026-03-06T10:05:55.339997 - 开始健康检查...
2026-03-06T10:05:55.706230 - OK: 3/3 服务正常
2026-03-06T10:11:00.397921 - 开始健康检查...
2026-03-06T10:11:00.829033 - OK: 3/3 服务正常
2026-03-06T10:16:06.081717 - 开始健康检查...
2026-03-06T10:16:11.217755 - 尝试恢复 status_panel: systemctl restart status-panel
2026-03-06T10:16:11.225376 - status_panel: 恢复失败 - Failed to restart status-panel.service: Unit status-panel.service not found.

2026-03-06T10:16:11.225576 - WARNING: 1个服务异常 - ['status_panel']
2026-03-06T10:21:18.111472 - 开始健康检查...
2026-03-06T10:21:20.187516 - OK: 3/3 服务正常
2026-03-06T10:26:25.003342 - 开始健康检查...
2026-03-06T10:26:29.350775 - OK: 3/3 服务正常
2026-03-06T10:31:34.086065 - 开始健康检查...
2026-03-06T10:31:38.169197 - OK: 3/3 服务正常
2026-03-06T10:36:42.915765 - 开始健康检查...
2026-03-06T10:36:47.365896 - OK: 3/3 服务正常
2026-03-06T10:41:52.069393 - 开始健康检查...
2026-03-06T10:41:52.293640 - OK: 3/3 服务正常
2026-03-06T10:46:54.243569 - 开始健康检查...
2026-03-06T10:46:57.714798 - OK: 3/3 服务正常
2026-03-06T10:52:02.500214 - 开始健康检查...
2026-03-06T10:52:07.533622 - 尝试恢复 status_panel: systemctl restart status-panel
2026-03-06T10:52:07.543656 - status_panel: 恢复失败 - Failed to restart status-panel.service: Unit status-panel.service not found.

2026-03-06T10:52:07.544037 - WARNING: 1个服务异常 - ['status_panel']
2026-03-06T10:57:18.429497 - 开始健康检查...
2026-03-06T10:57:23.187615 - OK: 3/3 服务正常
2026-03-06T11:02:27.837589 - 开始健康检查...
2026-03-06T11:02:32.873921 - 尝试恢复 status_panel: systemctl restart status-panel
2026-03-06T11:02:32.882236 - status_panel: 恢复失败 - Failed to restart status-panel.service: Unit status-panel.service not found.

2026-03-06T11:02:32.883476 - WARNING: 1个服务异常 - ['status_panel']
2026-03-06T11:04:36.640406 - 开始健康检查...
2026-03-06T11:04:39.411898 - OK: 3/3 服务正常
