2026-03-06T06:25:54.035789 - 开始收集指标...
2026-03-06T06:25:57.270130 - 指标收集完成: 负载1.51, 内存42.9%, 服务gateway+health_api+dashboard
2026-03-06T06:28:32.310459 - 开始收集指标...
2026-03-06T06:28:35.565402 - 指标收集完成: 负载2.22, 内存42.8%, 服务gateway+health_api+dashboard
2026-03-06T08:28:19.808690 - 开始收集指标...
2026-03-06T08:28:23.055581 - 指标收集完成: 负载1.63, 内存42.7%, 服务gateway+health_api+dashboard
2026-03-06T08:33:28.148458 - 开始收集指标...
2026-03-06T08:33:31.423173 - 指标收集完成: 负载0.94, 内存41.9%, 服务gateway+health_api+dashboard
2026-03-06T08:38:36.822253 - 开始收集指标...
2026-03-06T08:38:40.023027 - 指标收集完成: 负载0.9, 内存41.8%, 服务gateway+health_api+dashboard
2026-03-06T08:43:45.278498 - 开始收集指标...
2026-03-06T08:43:48.474950 - 指标收集完成: 负载1.33, 内存43.2%, 服务gateway+health_api+dashboard
2026-03-06T08:48:53.780053 - 开始收集指标...
2026-03-06T08:48:56.984149 - 指标收集完成: 负载0.82, 内存42.2%, 服务gateway+health_api+dashboard
2026-03-06T08:54:03.108346 - 开始收集指标...
2026-03-06T08:54:06.303391 - 指标收集完成: 负载1.24, 内存44.5%, 服务gateway+health_api+dashboard
2026-03-06T08:59:11.887369 - 开始收集指标...
2026-03-06T08:59:15.149526 - 指标收集完成: 负载1.46, 内存40.7%, 服务gateway+health_api+dashboard
2026-03-06T09:04:23.124027 - 开始收集指标...
2026-03-06T09:04:26.715251 - 指标收集完成: 负载1.1, 内存43.1%, 服务gateway+health_api+dashboard
2026-03-06T09:09:31.949130 - 开始收集指标...
2026-03-06T09:09:35.277627 - 指标收集完成: 负载1.08, 内存42.2%, 服务gateway+health_api+dashboard
2026-03-06T09:14:40.908734 - 开始收集指标...
2026-03-06T09:14:44.179987 - 指标收集完成: 负载1.93, 内存46.4%, 服务gateway+health_api+dashboard
2026-03-06T09:19:49.658560 - 开始收集指标...
2026-03-06T09:19:52.907687 - 指标收集完成: 负载1.2, 内存43.5%, 服务gateway+health_api+dashboard
2026-03-06T09:25:00.657302 - 开始收集指标...
2026-03-06T09:25:03.885156 - 指标收集完成: 负载1.2, 内存42.6%, 服务gateway+health_api+dashboard
2026-03-06T09:30:08.442643 - 开始收集指标...
2026-03-06T09:30:11.696617 - 指标收集完成: 负载1.15, 内存42.4%, 服务gateway+health_api+dashboard
2026-03-06T09:35:18.156259 - 开始收集指标...
2026-03-06T09:35:21.390284 - 指标收集完成: 负载1.45, 内存42.7%, 服务gateway+health_api+dashboard
2026-03-06T09:40:23.705622 - 开始收集指标...
2026-03-06T09:40:26.942101 - 指标收集完成: 负载1.11, 内存42.8%, 服务gateway+health_api+dashboard
2026-03-06T09:45:30.069285 - 开始收集指标...
2026-03-06T09:45:33.284841 - 指标收集完成: 负载1.23, 内存42.3%, 服务gateway+health_api+dashboard
2026-03-06T09:50:36.966432 - 开始收集指标...
2026-03-06T09:50:40.187228 - 指标收集完成: 负载2.09, 内存52.2%, 服务gateway+health_api+dashboard
2026-03-06T09:55:42.738346 - 开始收集指标...
2026-03-06T09:55:45.942875 - 指标收集完成: 负载1.84, 内存45.9%, 服务gateway+health_api+dashboard
2026-03-06T10:00:50.624658 - 开始收集指标...
2026-03-06T10:00:53.886534 - 指标收集完成: 负载2.8, 内存48.2%, 服务gateway+health_api+dashboard
2026-03-06T10:05:55.833813 - 开始收集指标...
2026-03-06T10:05:59.043518 - 指标收集完成: 负载2.36, 内存46.2%, 服务gateway+health_api+dashboard
2026-03-06T10:11:00.970470 - 开始收集指标...
2026-03-06T10:11:04.224356 - 指标收集完成: 负载1.54, 内存46.7%, 服务gateway+health_api+dashboard
2026-03-06T10:16:12.987060 - 开始收集指标...
2026-03-06T10:16:16.282614 - 指标收集完成: 负载4.01, 内存52.1%, 服务gateway+health_api+dashboard
2026-03-06T10:21:20.354166 - 开始收集指标...
2026-03-06T10:21:23.634925 - 指标收集完成: 负载2.46, 内存47.9%, 服务gateway+health_api+dashboard
2026-03-06T10:26:29.442791 - 开始收集指标...
2026-03-06T10:26:32.642435 - 指标收集完成: 负载1.02, 内存47.9%, 服务gateway+health_api+dashboard
2026-03-06T10:31:38.266451 - 开始收集指标...
2026-03-06T10:31:41.473286 - 指标收集完成: 负载1.81, 内存47.4%, 服务gateway+health_api+dashboard
2026-03-06T10:36:47.527879 - 开始收集指标...
2026-03-06T10:36:50.733053 - 指标收集完成: 负载1.36, 内存50.4%, 服务gateway+health_api+dashboard
2026-03-06T10:41:52.386852 - 开始收集指标...
2026-03-06T10:41:52.900044 - 指标收集完成: 负载1.08, 内存48.0%, 服务gateway+status_panel+health_api+dashboard
2026-03-06T10:46:57.839406 - 开始收集指标...
2026-03-06T10:47:01.037884 - 指标收集完成: 负载1.03, 内存47.9%, 服务gateway+health_api+dashboard
2026-03-06T10:52:08.853895 - 开始收集指标...
2026-03-06T10:52:12.052486 - 指标收集完成: 负载1.64, 内存48.3%, 服务gateway+health_api+dashboard
2026-03-06T10:57:23.284552 - 开始收集指标...
2026-03-06T10:57:26.486681 - 指标收集完成: 负载1.11, 内存48.3%, 服务gateway+health_api+dashboard
2026-03-06T11:02:35.158497 - 开始收集指标...
2026-03-06T11:02:38.429168 - 指标收集完成: 负载1.07, 内存48.5%, 服务gateway+status_panel+health_api+dashboard
2026-03-06T11:04:39.507013 - 开始收集指标...
2026-03-06T11:04:42.703511 - 指标收集完成: 负载0.82, 内存48.7%, 服务gateway+health_api+dashboard
2026-03-06T11:07:43.432127 - 开始收集指标...
2026-03-06T11:07:46.705407 - 指标收集完成: 负载1.14, 内存48.6%, 服务gateway+health_api+dashboard
2026-03-06T11:09:50.752685 - 开始收集指标...
2026-03-06T11:09:53.959027 - 指标收集完成: 负载0.73, 内存48.8%, 服务gateway+health_api+dashboard
2026-03-06T11:12:49.227644 - 开始收集指标...
2026-03-06T11:12:52.491003 - 指标收集完成: 负载1.1, 内存52.4%, 服务gateway+health_api+dashboard
2026-03-06T11:15:01.761146 - 开始收集指标...
2026-03-06T11:15:05.000340 - 指标收集完成: 负载1.81, 内存50.0%, 服务gateway+health_api+dashboard
2026-03-06T11:17:59.516165 - 开始收集指标...
2026-03-06T11:18:02.895322 - 指标收集完成: 负载2.03, 内存50.8%, 服务gateway+health_api+dashboard
2026-03-06T11:20:08.787918 - 开始收集指标...
2026-03-06T11:20:12.146577 - 指标收集完成: 负载3.85, 内存51.4%, 服务gateway+health_api+dashboard
2026-03-06T11:23:09.150847 - 开始收集指标...
2026-03-06T11:23:12.389702 - 指标收集完成: 负载1.85, 内存51.6%, 服务gateway+health_api+dashboard
2026-03-06T11:25:16.451171 - 开始收集指标...
2026-03-06T11:25:19.712442 - 指标收集完成: 负载1.38, 内存50.3%, 服务gateway+health_api+dashboard
2026-03-06T11:28:16.845077 - 开始收集指标...
2026-03-06T11:28:20.135273 - 指标收集完成: 负载1.42, 内存50.1%, 服务gateway+health_api+dashboard
2026-03-06T11:30:23.583419 - 开始收集指标...
2026-03-06T11:30:26.790736 - 指标收集完成: 负载1.48, 内存49.9%, 服务gateway+health_api+dashboard
2026-03-06T11:33:23.276468 - 开始收集指标...
2026-03-06T11:33:26.575197 - 指标收集完成: 负载2.78, 内存50.6%, 服务gateway+health_api+dashboard
2026-03-06T11:38:30.849532 - 开始收集指标...
2026-03-06T11:38:34.466565 - 指标收集完成: 负载1.87, 内存52.8%, 服务gateway+health_api+dashboard
2026-03-06T11:43:37.063645 - 开始收集指标...
2026-03-06T11:43:37.436405 - 指标收集完成: 负载1.47, 内存51.5%, 服务gateway+status_panel+health_api+dashboard
2026-03-06T11:48:40.722196 - 开始收集指标...
2026-03-06T11:48:43.927008 - 指标收集完成: 负载1.88, 内存51.8%, 服务gateway+health_api+dashboard
2026-03-06T11:53:47.288417 - 开始收集指标...
2026-03-06T11:53:50.489070 - 指标收集完成: 负载1.0, 内存52.1%, 服务gateway+health_api+dashboard
2026-03-06T11:58:53.275004 - 开始收集指标...
2026-03-06T11:58:56.497704 - 指标收集完成: 负载1.57, 内存52.9%, 服务gateway+health_api+dashboard
2026-03-06T12:04:02.460149 - 开始收集指标...
2026-03-06T12:04:02.830482 - 指标收集完成: 负载1.23, 内存52.6%, 服务gateway+status_panel+health_api+dashboard
2026-03-06T12:09:05.236663 - 开始收集指标...
2026-03-06T12:09:06.152531 - 指标收集完成: 负载1.34, 内存55.9%, 服务gateway+status_panel+health_api+dashboard
2026-03-06T12:14:08.315316 - 开始收集指标...
2026-03-06T12:14:08.783420 - 指标收集完成: 负载1.53, 内存52.6%, 服务gateway+status_panel+health_api+dashboard
2026-03-06T12:19:10.466745 - 开始收集指标...
2026-03-06T12:19:10.921188 - 指标收集完成: 负载1.52, 内存53.1%, 服务gateway+status_panel+health_api+dashboard
2026-03-06T12:24:14.734788 - 开始收集指标...
2026-03-06T12:24:15.868603 - 指标收集完成: 负载6.74, 内存61.6%, 服务gateway+status_panel+health_api+dashboard
2026-03-06T12:29:20.130862 - 开始收集指标...
2026-03-06T12:29:21.279133 - 指标收集完成: 负载8.27, 内存57.6%, 服务gateway+status_panel+health_api+dashboard
2026-03-06T12:34:26.763702 - 开始收集指标...
2026-03-06T12:34:28.349132 - 指标收集完成: 负载7.84, 内存61.7%, 服务gateway+status_panel+health_api+dashboard
2026-03-06T12:39:33.085872 - 开始收集指标...
2026-03-06T12:39:34.545232 - 指标收集完成: 负载7.81, 内存61.6%, 服务gateway+status_panel+health_api+dashboard
2026-03-06T12:44:37.742024 - 开始收集指标...
2026-03-06T12:44:38.118646 - 指标收集完成: 负载1.62, 内存53.4%, 服务gateway+status_panel+health_api+dashboard
2026-03-06T12:48:59.836491 - 开始收集指标...
2026-03-06T12:49:00.168353 - 指标收集完成: 负载4.09, 内存37.6%, 服务gateway+status_panel
2026-03-06T12:54:03.681264 - 开始收集指标...
2026-03-06T12:54:03.864972 - 指标收集完成: 负载1.74, 内存36.1%, 服务gateway+health_api
2026-03-06T12:59:16.588024 - 开始收集指标...
2026-03-06T12:59:16.708628 - 指标收集完成: 负载1.45, 内存34.8%, 服务gateway
2026-03-06T13:04:22.992452 - 开始收集指标...
2026-03-06T13:04:23.109786 - 指标收集完成: 负载0.22, 内存35.9%, 服务gateway+health_api
2026-03-06T13:09:24.451329 - 开始收集指标...
2026-03-06T13:09:24.638320 - 指标收集完成: 负载0.12, 内存35.9%, 服务gateway+health_api
2026-03-06T13:14:25.977300 - 开始收集指标...
2026-03-06T13:14:26.096954 - 指标收集完成: 负载0.58, 内存36.0%, 服务gateway+health_api
2026-03-06T13:19:27.402535 - 开始收集指标...
2026-03-06T13:19:27.517940 - 指标收集完成: 负载0.36, 内存35.7%, 服务gateway+health_api
2026-03-06T13:24:28.850813 - 开始收集指标...
2026-03-06T13:24:28.972528 - 指标收集完成: 负载0.12, 内存36.3%, 服务gateway+health_api
2026-03-06T13:29:30.277704 - 开始收集指标...
2026-03-06T13:29:30.400545 - 指标收集完成: 负载0.65, 内存37.2%, 服务gateway+health_api
2026-03-06T13:34:31.751180 - 开始收集指标...
2026-03-06T13:34:31.876384 - 指标收集完成: 负载1.14, 内存36.5%, 服务gateway+health_api
2026-03-06T13:39:33.196570 - 开始收集指标...
2026-03-06T13:39:33.313753 - 指标收集完成: 负载0.27, 内存36.5%, 服务gateway+health_api
2026-03-06T13:44:34.849967 - 开始收集指标...
2026-03-06T13:44:35.002035 - 指标收集完成: 负载0.47, 内存39.6%, 服务gateway+health_api
2026-03-06T13:49:36.337730 - 开始收集指标...
2026-03-06T13:49:36.454857 - 指标收集完成: 负载0.19, 内存36.7%, 服务gateway+health_api
2026-03-06T13:54:37.918029 - 开始收集指标...
2026-03-06T13:54:38.037820 - 指标收集完成: 负载0.79, 内存37.5%, 服务gateway+health_api
2026-03-06T13:59:39.436563 - 开始收集指标...
2026-03-06T13:59:39.553516 - 指标收集完成: 负载0.78, 内存37.2%, 服务gateway+health_api
2026-03-06T14:04:40.860447 - 开始收集指标...
2026-03-06T14:04:40.983668 - 指标收集完成: 负载0.52, 内存37.7%, 服务gateway+health_api
2026-03-06T14:09:47.307497 - 开始收集指标...
2026-03-06T14:09:47.426620 - 指标收集完成: 负载0.27, 内存38.0%, 服务gateway+health_api
2026-03-06T14:14:48.822584 - 开始收集指标...
2026-03-06T14:14:48.941470 - 指标收集完成: 负载0.21, 内存38.0%, 服务gateway+health_api
2026-03-06T14:19:50.243635 - 开始收集指标...
2026-03-06T14:19:50.360967 - 指标收集完成: 负载0.44, 内存38.6%, 服务gateway+health_api
2026-03-06T14:24:51.774292 - 开始收集指标...
2026-03-06T14:24:51.895506 - 指标收集完成: 负载0.49, 内存35.8%, 服务gateway+health_api
2026-03-06T14:30:14.825652 - 开始收集指标...
2026-03-06T14:30:15.192819 - 指标收集完成: 负载0.32, 内存32.8%, 服务gateway
2026-03-06T14:35:21.542660 - 开始收集指标...
2026-03-06T14:35:21.664919 - 指标收集完成: 负载0.29, 内存32.9%, 服务gateway+health_api
2026-03-06T14:40:23.070046 - 开始收集指标...
2026-03-06T14:40:23.225414 - 指标收集完成: 负载0.21, 内存33.3%, 服务gateway+health_api
2026-03-06T14:45:24.624517 - 开始收集指标...
2026-03-06T14:45:24.741907 - 指标收集完成: 负载0.88, 内存33.6%, 服务gateway+health_api
2026-03-06T14:50:26.832038 - 开始收集指标...
2026-03-06T14:50:26.945831 - 指标收集完成: 负载0.54, 内存33.0%, 服务gateway+health_api
2026-03-06T14:55:28.408665 - 开始收集指标...
2026-03-06T14:55:28.528529 - 指标收集完成: 负载0.54, 内存32.4%, 服务gateway+health_api
2026-03-06T15:00:29.994783 - 开始收集指标...
2026-03-06T15:00:30.120356 - 指标收集完成: 负载1.01, 内存32.5%, 服务gateway+health_api
2026-03-06T15:05:31.560735 - 开始收集指标...
2026-03-06T15:05:31.689388 - 指标收集完成: 负载0.83, 内存32.2%, 服务gateway+health_api
2026-03-06T15:10:33.063428 - 开始收集指标...
2026-03-06T15:10:33.189887 - 指标收集完成: 负载1.23, 内存33.0%, 服务gateway+health_api
2026-03-06T15:15:34.633676 - 开始收集指标...
2026-03-06T15:15:34.754885 - 指标收集完成: 负载1.13, 内存32.8%, 服务gateway+health_api
2026-03-06T15:20:36.209442 - 开始收集指标...
2026-03-06T15:20:36.327127 - 指标收集完成: 负载2.19, 内存32.3%, 服务gateway+health_api
2026-03-06T15:25:37.690130 - 开始收集指标...
2026-03-06T15:25:37.810766 - 指标收集完成: 负载0.35, 内存32.3%, 服务gateway+health_api
2026-03-06T15:30:39.123995 - 开始收集指标...
2026-03-06T15:30:39.244997 - 指标收集完成: 负载0.61, 内存33.0%, 服务gateway+health_api
2026-03-06T15:35:40.647836 - 开始收集指标...
2026-03-06T15:35:40.806358 - 指标收集完成: 负载0.54, 内存35.3%, 服务gateway+health_api
2026-03-06T15:40:42.301375 - 开始收集指标...
2026-03-06T15:40:42.415918 - 指标收集完成: 负载0.55, 内存32.4%, 服务gateway+health_api
2026-03-06T15:45:43.754961 - 开始收集指标...
2026-03-06T15:45:43.874826 - 指标收集完成: 负载0.47, 内存32.6%, 服务gateway+health_api
2026-03-06T15:50:45.419175 - 开始收集指标...
2026-03-06T15:50:45.534720 - 指标收集完成: 负载0.95, 内存32.4%, 服务gateway+health_api
2026-03-06T15:55:46.850623 - 开始收集指标...
2026-03-06T15:55:46.999295 - 指标收集完成: 负载0.33, 内存32.3%, 服务gateway+health_api
2026-03-06T16:00:48.446738 - 开始收集指标...
2026-03-06T16:00:48.568651 - 指标收集完成: 负载0.43, 内存32.3%, 服务gateway+health_api
2026-03-06T16:05:49.915333 - 开始收集指标...
2026-03-06T16:05:50.035454 - 指标收集完成: 负载0.53, 内存32.9%, 服务gateway+health_api
2026-03-06T16:10:51.369743 - 开始收集指标...
2026-03-06T16:10:51.487705 - 指标收集完成: 负载0.82, 内存32.4%, 服务gateway+health_api
2026-03-06T16:15:52.808818 - 开始收集指标...
2026-03-06T16:15:52.926275 - 指标收集完成: 负载0.64, 内存32.4%, 服务gateway+health_api
2026-03-06T16:20:54.272481 - 开始收集指标...
2026-03-06T16:20:54.391129 - 指标收集完成: 负载0.51, 内存32.7%, 服务gateway+health_api
2026-03-06T16:25:55.717998 - 开始收集指标...
2026-03-06T16:25:55.836328 - 指标收集完成: 负载0.11, 内存32.9%, 服务gateway+health_api
2026-03-06T16:30:57.145655 - 开始收集指标...
2026-03-06T16:30:57.270829 - 指标收集完成: 负载1.5, 内存32.4%, 服务gateway+health_api
2026-03-06T16:35:58.704684 - 开始收集指标...
2026-03-06T16:35:58.864114 - 指标收集完成: 负载0.4, 内存34.8%, 服务gateway+health_api
2026-03-06T16:41:00.222886 - 开始收集指标...
2026-03-06T16:41:00.344309 - 指标收集完成: 负载0.25, 内存32.6%, 服务gateway+health_api
2026-03-06T16:46:01.922901 - 开始收集指标...
2026-03-06T16:46:02.044317 - 指标收集完成: 负载0.26, 内存32.5%, 服务gateway+health_api
2026-03-06T16:51:03.392545 - 开始收集指标...
2026-03-06T16:51:03.514383 - 指标收集完成: 负载0.2, 内存32.5%, 服务gateway+health_api
2026-03-06T16:56:04.835133 - 开始收集指标...
2026-03-06T16:56:04.956531 - 指标收集完成: 负载0.47, 内存32.3%, 服务gateway+health_api
2026-03-06T17:01:06.340711 - 开始收集指标...
2026-03-06T17:01:06.461478 - 指标收集完成: 负载0.3, 内存32.3%, 服务gateway+health_api
2026-03-06T17:06:07.789740 - 开始收集指标...
2026-03-06T17:06:07.907392 - 指标收集完成: 负载0.34, 内存33.3%, 服务gateway+health_api
2026-03-06T17:11:09.307248 - 开始收集指标...
2026-03-06T17:11:09.444671 - 指标收集完成: 负载0.96, 内存32.7%, 服务gateway+health_api
2026-03-06T17:16:10.889497 - 开始收集指标...
2026-03-06T17:16:11.007851 - 指标收集完成: 负载0.32, 内存32.5%, 服务gateway+health_api
2026-03-06T17:21:12.329131 - 开始收集指标...
2026-03-06T17:21:12.450367 - 指标收集完成: 负载0.54, 内存32.6%, 服务gateway+health_api
2026-03-06T17:26:13.769038 - 开始收集指标...
2026-03-06T17:26:13.886905 - 指标收集完成: 负载0.4, 内存32.7%, 服务gateway+health_api
2026-03-06T17:31:15.215857 - 开始收集指标...
2026-03-06T17:31:15.331702 - 指标收集完成: 负载0.47, 内存32.5%, 服务gateway+health_api
2026-03-06T17:36:16.685621 - 开始收集指标...
2026-03-06T17:36:16.807401 - 指标收集完成: 负载0.18, 内存33.3%, 服务gateway+health_api
2026-03-06T17:41:18.125597 - 开始收集指标...
2026-03-06T17:41:18.250190 - 指标收集完成: 负载0.44, 内存32.5%, 服务gateway+health_api
2026-03-06T17:46:19.730753 - 开始收集指标...
2026-03-06T17:46:19.851626 - 指标收集完成: 负载1.12, 内存32.4%, 服务gateway+health_api
2026-03-06T17:51:21.253801 - 开始收集指标...
2026-03-06T17:51:21.370981 - 指标收集完成: 负载0.63, 内存32.5%, 服务gateway+health_api
2026-03-06T17:56:22.727067 - 开始收集指标...
2026-03-06T17:56:22.839522 - 指标收集完成: 负载0.87, 内存32.4%, 服务gateway+health_api
2026-03-06T18:01:24.290179 - 开始收集指标...
2026-03-06T18:01:24.403452 - 指标收集完成: 负载0.35, 内存32.5%, 服务gateway+health_api
2026-03-06T18:06:25.708030 - 开始收集指标...
2026-03-06T18:06:25.823758 - 指标收集完成: 负载1.17, 内存33.3%, 服务gateway+health_api
2026-03-06T18:11:27.519472 - 开始收集指标...
2026-03-06T18:11:27.666394 - 指标收集完成: 负载0.34, 内存34.9%, 服务gateway+health_api
2026-03-06T18:16:28.994358 - 开始收集指标...
2026-03-06T18:16:29.119655 - 指标收集完成: 负载0.44, 内存32.5%, 服务gateway+health_api
2026-03-06T18:21:30.405442 - 开始收集指标...
2026-03-06T18:21:30.529600 - 指标收集完成: 负载0.72, 内存32.4%, 服务gateway+health_api
2026-03-06T18:26:31.854038 - 开始收集指标...
2026-03-06T18:26:31.976784 - 指标收集完成: 负载0.46, 内存32.5%, 服务gateway+health_api
2026-03-06T18:31:33.537086 - 开始收集指标...
2026-03-06T18:31:33.655188 - 指标收集完成: 负载0.13, 内存32.6%, 服务gateway+health_api
2026-03-06T18:36:35.363401 - 开始收集指标...
2026-03-06T18:36:35.602148 - 指标收集完成: 负载0.62, 内存32.6%, 服务gateway+health_api
2026-03-06T18:41:36.894021 - 开始收集指标...
2026-03-06T18:41:37.012739 - 指标收集完成: 负载0.4, 内存32.7%, 服务gateway+health_api
2026-03-06T18:46:38.328757 - 开始收集指标...
2026-03-06T18:46:38.442878 - 指标收集完成: 负载0.88, 内存32.8%, 服务gateway+health_api
2026-03-06T18:51:39.759234 - 开始收集指标...
2026-03-06T18:51:39.873351 - 指标收集完成: 负载0.18, 内存32.6%, 服务gateway+health_api
2026-03-06T18:56:41.196747 - 开始收集指标...
2026-03-06T18:56:41.316131 - 指标收集完成: 负载0.28, 内存32.1%, 服务gateway+health_api
2026-03-06T19:01:42.655366 - 开始收集指标...
2026-03-06T19:01:42.772619 - 指标收集完成: 负载0.49, 内存32.5%, 服务gateway+health_api
2026-03-06T19:06:44.118879 - 开始收集指标...
2026-03-06T19:06:44.242556 - 指标收集完成: 负载0.28, 内存32.4%, 服务gateway+health_api
2026-03-06T19:11:45.600469 - 开始收集指标...
2026-03-06T19:11:45.724254 - 指标收集完成: 负载0.35, 内存33.8%, 服务gateway+health_api
2026-03-06T19:16:47.051735 - 开始收集指标...
2026-03-06T19:16:47.173351 - 指标收集完成: 负载0.18, 内存32.3%, 服务gateway+health_api
2026-03-06T19:21:48.560553 - 开始收集指标...
2026-03-06T19:21:48.677675 - 指标收集完成: 负载0.44, 内存32.3%, 服务gateway+health_api
2026-03-06T19:26:49.992931 - 开始收集指标...
2026-03-06T19:26:50.112006 - 指标收集完成: 负载0.39, 内存32.3%, 服务gateway+health_api
2026-03-06T19:31:51.448562 - 开始收集指标...
2026-03-06T19:31:51.567929 - 指标收集完成: 负载0.48, 内存32.3%, 服务gateway+health_api
2026-03-06T19:36:52.986641 - 开始收集指标...
2026-03-06T19:36:53.106039 - 指标收集完成: 负载0.58, 内存32.3%, 服务gateway+health_api
2026-03-06T19:41:54.443433 - 开始收集指标...
2026-03-06T19:41:54.562337 - 指标收集完成: 负载1.08, 内存32.3%, 服务gateway+health_api
2026-03-06T19:46:55.893517 - 开始收集指标...
2026-03-06T19:46:56.022226 - 指标收集完成: 负载0.51, 内存32.3%, 服务gateway+health_api
2026-03-06T19:51:57.440261 - 开始收集指标...
2026-03-06T19:51:57.561952 - 指标收集完成: 负载0.36, 内存32.5%, 服务gateway+health_api
2026-03-06T19:56:58.857852 - 开始收集指标...
2026-03-06T19:56:58.976956 - 指标收集完成: 负载0.6, 内存32.4%, 服务gateway+health_api
2026-03-06T20:02:00.408935 - 开始收集指标...
2026-03-06T20:02:00.529632 - 指标收集完成: 负载0.36, 内存32.2%, 服务gateway+health_api
2026-03-06T20:07:01.837411 - 开始收集指标...
2026-03-06T20:07:01.958958 - 指标收集完成: 负载0.88, 内存32.2%, 服务gateway+health_api
2026-03-06T20:12:03.246920 - 开始收集指标...
2026-03-06T20:12:03.369497 - 指标收集完成: 负载0.23, 内存32.3%, 服务gateway+health_api
2026-03-06T20:17:04.677066 - 开始收集指标...
2026-03-06T20:17:04.793327 - 指标收集完成: 负载0.41, 内存32.3%, 服务gateway+health_api
2026-03-06T20:22:06.621604 - 开始收集指标...
2026-03-06T20:22:06.738871 - 指标收集完成: 负载0.55, 内存32.3%, 服务gateway+health_api
2026-03-06T20:27:08.265263 - 开始收集指标...
2026-03-06T20:27:08.383457 - 指标收集完成: 负载0.55, 内存32.7%, 服务gateway+health_api
2026-03-06T20:32:09.691416 - 开始收集指标...
2026-03-06T20:32:09.817291 - 指标收集完成: 负载0.2, 内存32.3%, 服务gateway+health_api
2026-03-06T20:37:11.354971 - 开始收集指标...
2026-03-06T20:37:11.473511 - 指标收集完成: 负载0.44, 内存32.3%, 服务gateway+health_api
2026-03-06T20:42:12.899030 - 开始收集指标...
2026-03-06T20:42:13.018654 - 指标收集完成: 负载0.21, 内存32.2%, 服务gateway+health_api
2026-03-06T20:47:14.518322 - 开始收集指标...
2026-03-06T20:47:14.658710 - 指标收集完成: 负载0.56, 内存34.8%, 服务gateway+health_api
2026-03-06T20:52:15.980033 - 开始收集指标...
2026-03-06T20:52:16.098921 - 指标收集完成: 负载0.18, 内存32.4%, 服务gateway+health_api
2026-03-06T20:57:17.452312 - 开始收集指标...
2026-03-06T20:57:17.572399 - 指标收集完成: 负载0.54, 内存32.4%, 服务gateway+health_api
2026-03-06T21:02:19.158069 - 开始收集指标...
2026-03-06T21:02:19.284437 - 指标收集完成: 负载0.91, 内存32.3%, 服务gateway+health_api
2026-03-06T21:07:20.599713 - 开始收集指标...
2026-03-06T21:07:20.721576 - 指标收集完成: 负载0.27, 内存32.4%, 服务gateway+health_api
2026-03-06T21:12:22.142694 - 开始收集指标...
2026-03-06T21:12:22.267323 - 指标收集完成: 负载0.51, 内存32.3%, 服务gateway+health_api
2026-03-06T21:17:23.583156 - 开始收集指标...
2026-03-06T21:17:23.704440 - 指标收集完成: 负载0.31, 内存32.4%, 服务gateway+health_api
2026-03-06T21:22:25.167606 - 开始收集指标...
2026-03-06T21:22:25.281605 - 指标收集完成: 负载0.56, 内存32.4%, 服务gateway+health_api
2026-03-06T21:27:26.603316 - 开始收集指标...
2026-03-06T21:27:26.723049 - 指标收集完成: 负载0.33, 内存32.2%, 服务gateway+health_api
2026-03-06T21:32:28.177158 - 开始收集指标...
2026-03-06T21:32:28.296994 - 指标收集完成: 负载0.42, 内存32.2%, 服务gateway+health_api
2026-03-06T21:37:29.766470 - 开始收集指标...
2026-03-06T21:37:29.887423 - 指标收集完成: 负载0.58, 内存32.4%, 服务gateway+health_api
2026-03-06T21:42:31.354589 - 开始收集指标...
2026-03-06T21:42:31.511685 - 指标收集完成: 负载1.02, 内存32.3%, 服务gateway+health_api
2026-03-06T21:47:33.053307 - 开始收集指标...
2026-03-06T21:47:33.231016 - 指标收集完成: 负载0.31, 内存33.4%, 服务gateway+health_api
2026-03-06T21:52:34.580278 - 开始收集指标...
2026-03-06T21:52:34.695220 - 指标收集完成: 负载0.39, 内存32.4%, 服务gateway+health_api
2026-03-06T21:57:36.142828 - 开始收集指标...
2026-03-06T21:57:36.263980 - 指标收集完成: 负载0.5, 内存32.6%, 服务gateway+health_api
2026-03-06T22:02:37.614485 - 开始收集指标...
2026-03-06T22:02:37.734860 - 指标收集完成: 负载0.44, 内存32.3%, 服务gateway+health_api
2026-03-06T22:07:39.207071 - 开始收集指标...
2026-03-06T22:07:39.325119 - 指标收集完成: 负载0.47, 内存32.4%, 服务gateway+health_api
2026-03-06T22:12:40.649319 - 开始收集指标...
2026-03-06T22:12:40.770506 - 指标收集完成: 负载0.57, 内存32.4%, 服务gateway+health_api
2026-03-06T22:17:42.071397 - 开始收集指标...
2026-03-06T22:17:42.193545 - 指标收集完成: 负载0.41, 内存32.4%, 服务gateway+health_api
2026-03-06T22:22:43.560467 - 开始收集指标...
2026-03-06T22:22:43.731770 - 指标收集完成: 负载1.35, 内存35.5%, 服务gateway+health_api
2026-03-06T22:27:45.181859 - 开始收集指标...
2026-03-06T22:27:45.299008 - 指标收集完成: 负载0.69, 内存32.6%, 服务gateway+health_api
2026-03-06T22:32:46.605189 - 开始收集指标...
2026-03-06T22:32:46.727472 - 指标收集完成: 负载0.37, 内存32.4%, 服务gateway+health_api
2026-03-06T22:37:48.074308 - 开始收集指标...
2026-03-06T22:37:48.202930 - 指标收集完成: 负载1.04, 内存32.3%, 服务gateway+health_api
2026-03-06T22:42:49.579154 - 开始收集指标...
2026-03-06T22:42:49.692811 - 指标收集完成: 负载0.59, 内存32.3%, 服务gateway+health_api
2026-03-06T22:47:51.004857 - 开始收集指标...
2026-03-06T22:47:51.118283 - 指标收集完成: 负载0.6, 内存32.5%, 服务gateway+health_api
2026-03-06T22:52:52.538422 - 开始收集指标...
2026-03-06T22:52:52.657233 - 指标收集完成: 负载0.6, 内存32.4%, 服务gateway+health_api
2026-03-06T22:57:53.980166 - 开始收集指标...
2026-03-06T22:57:54.094969 - 指标收集完成: 负载0.4, 内存32.3%, 服务gateway+health_api
2026-03-06T23:02:55.720787 - 开始收集指标...
2026-03-06T23:02:55.837342 - 指标收集完成: 负载0.62, 内存32.4%, 服务gateway+health_api
2026-03-06T23:07:57.222644 - 开始收集指标...
2026-03-06T23:07:57.363871 - 指标收集完成: 负载0.48, 内存32.5%, 服务gateway+health_api
2026-03-06T23:12:58.845522 - 开始收集指标...
2026-03-06T23:12:58.960547 - 指标收集完成: 负载1.26, 内存32.4%, 服务gateway+health_api
2026-03-06T23:18:00.260310 - 开始收集指标...
2026-03-06T23:18:00.380439 - 指标收集完成: 负载1.03, 内存32.4%, 服务gateway+health_api
2026-03-06T23:23:01.787838 - 开始收集指标...
2026-03-06T23:23:01.971640 - 指标收集完成: 负载0.96, 内存35.2%, 服务gateway+health_api
2026-03-06T23:28:03.354479 - 开始收集指标...
2026-03-06T23:28:03.486144 - 指标收集完成: 负载0.39, 内存32.6%, 服务gateway+health_api
2026-03-06T23:33:04.919421 - 开始收集指标...
2026-03-06T23:33:05.038991 - 指标收集完成: 负载0.52, 内存32.3%, 服务gateway+health_api
2026-03-06T23:38:06.490698 - 开始收集指标...
2026-03-06T23:38:06.609884 - 指标收集完成: 负载0.2, 内存32.4%, 服务gateway+health_api
2026-03-06T23:43:08.162023 - 开始收集指标...
2026-03-06T23:43:08.283620 - 指标收集完成: 负载0.32, 内存32.4%, 服务gateway+health_api
2026-03-06T23:48:09.672011 - 开始收集指标...
2026-03-06T23:48:09.793437 - 指标收集完成: 负载0.33, 内存32.3%, 服务gateway+health_api
2026-03-06T23:53:11.310054 - 开始收集指标...
2026-03-06T23:53:11.427946 - 指标收集完成: 负载0.38, 内存32.7%, 服务gateway+health_api
2026-03-06T23:58:12.777057 - 开始收集指标...
2026-03-06T23:58:12.890912 - 指标收集完成: 负载0.62, 内存32.7%, 服务gateway+health_api
2026-03-07T00:03:14.560927 - 开始收集指标...
2026-03-07T00:03:14.686102 - 指标收集完成: 负载0.33, 内存32.5%, 服务gateway+health_api
2026-03-07T00:08:16.026298 - 开始收集指标...
2026-03-07T00:08:16.147788 - 指标收集完成: 负载0.37, 内存32.5%, 服务gateway+health_api
2026-03-07T00:13:17.473610 - 开始收集指标...
2026-03-07T00:13:17.592470 - 指标收集完成: 负载0.32, 内存32.7%, 服务gateway+health_api
2026-03-07T00:18:18.898888 - 开始收集指标...
2026-03-07T00:18:19.014106 - 指标收集完成: 负载0.53, 内存32.4%, 服务gateway+health_api
2026-03-07T00:23:20.395539 - 开始收集指标...
2026-03-07T00:23:20.550571 - 指标收集完成: 负载0.21, 内存34.6%, 服务gateway+health_api
2026-03-07T00:28:21.884545 - 开始收集指标...
2026-03-07T00:28:21.999264 - 指标收集完成: 负载0.62, 内存32.3%, 服务gateway+health_api
2026-03-07T00:33:23.559852 - 开始收集指标...
2026-03-07T00:33:23.675259 - 指标收集完成: 负载0.55, 内存32.5%, 服务gateway+health_api
2026-03-07T00:38:24.978482 - 开始收集指标...
2026-03-07T00:38:25.098775 - 指标收集完成: 负载0.32, 内存32.7%, 服务gateway+health_api
2026-03-07T00:43:26.555608 - 开始收集指标...
2026-03-07T00:43:26.675770 - 指标收集完成: 负载0.48, 内存32.4%, 服务gateway+health_api
2026-03-07T00:48:28.004711 - 开始收集指标...
2026-03-07T00:48:28.118956 - 指标收集完成: 负载0.53, 内存32.3%, 服务gateway+health_api
2026-03-07T00:53:29.632831 - 开始收集指标...
2026-03-07T00:53:29.752949 - 指标收集完成: 负载0.34, 内存32.5%, 服务gateway+health_api
2026-03-07T00:58:31.081710 - 开始收集指标...
2026-03-07T00:58:31.205235 - 指标收集完成: 负载0.75, 内存32.5%, 服务gateway+health_api
2026-03-07T01:03:32.603885 - 开始收集指标...
2026-03-07T01:03:32.722666 - 指标收集完成: 负载0.61, 内存32.4%, 服务gateway+health_api
2026-03-07T01:08:34.016758 - 开始收集指标...
2026-03-07T01:08:34.129137 - 指标收集完成: 负载0.73, 内存32.6%, 服务gateway+health_api
2026-03-07T01:13:35.449696 - 开始收集指标...
2026-03-07T01:13:35.572057 - 指标收集完成: 负载0.43, 内存32.5%, 服务gateway+health_api
2026-03-07T01:18:37.025424 - 开始收集指标...
2026-03-07T01:18:37.146287 - 指标收集完成: 负载0.66, 内存32.7%, 服务gateway+health_api
2026-03-07T01:23:38.477751 - 开始收集指标...
2026-03-07T01:23:38.614412 - 指标收集完成: 负载0.88, 内存34.5%, 服务gateway+health_api
2026-03-07T01:28:40.037468 - 开始收集指标...
2026-03-07T01:28:40.157083 - 指标收集完成: 负载0.34, 内存32.8%, 服务gateway+health_api
2026-03-07T01:33:41.512766 - 开始收集指标...
2026-03-07T01:33:41.627392 - 指标收集完成: 负载0.53, 内存32.4%, 服务gateway+health_api
2026-03-07T01:38:42.988367 - 开始收集指标...
2026-03-07T01:38:43.104356 - 指标收集完成: 负载0.58, 内存32.4%, 服务gateway+health_api
2026-03-07T01:43:44.429884 - 开始收集指标...
2026-03-07T01:43:44.546111 - 指标收集完成: 负载0.4, 内存32.5%, 服务gateway+health_api
2026-03-07T01:48:45.933425 - 开始收集指标...
2026-03-07T01:48:46.049007 - 指标收集完成: 负载0.44, 内存32.5%, 服务gateway+health_api
2026-03-07T01:53:47.424099 - 开始收集指标...
2026-03-07T01:53:47.546488 - 指标收集完成: 负载0.84, 内存32.6%, 服务gateway+health_api
2026-03-07T01:58:48.947394 - 开始收集指标...
2026-03-07T01:58:49.065314 - 指标收集完成: 负载0.32, 内存32.6%, 服务gateway+health_api
2026-03-07T02:03:50.380874 - 开始收集指标...
2026-03-07T02:03:50.498976 - 指标收集完成: 负载0.08, 内存32.3%, 服务gateway+health_api
2026-03-07T02:08:52.013257 - 开始收集指标...
2026-03-07T02:08:52.130129 - 指标收集完成: 负载0.4, 内存32.5%, 服务gateway+health_api
2026-03-07T02:13:53.578906 - 开始收集指标...
2026-03-07T02:13:53.699610 - 指标收集完成: 负载0.47, 内存32.5%, 服务gateway+health_api
2026-03-07T02:18:55.151194 - 开始收集指标...
2026-03-07T02:18:55.266327 - 指标收集完成: 负载0.25, 内存32.5%, 服务gateway+health_api
2026-03-07T02:23:56.619370 - 开始收集指标...
2026-03-07T02:23:56.747317 - 指标收集完成: 负载0.57, 内存35.1%, 服务gateway+health_api
2026-03-07T02:28:58.141085 - 开始收集指标...
2026-03-07T02:28:58.261853 - 指标收集完成: 负载0.3, 内存32.4%, 服务gateway+health_api
2026-03-07T02:33:59.552832 - 开始收集指标...
2026-03-07T02:33:59.680341 - 指标收集完成: 负载0.37, 内存32.8%, 服务gateway+health_api
2026-03-07T02:39:01.102888 - 开始收集指标...
2026-03-07T02:39:01.222711 - 指标收集完成: 负载0.19, 内存32.5%, 服务gateway+health_api
2026-03-07T02:44:02.578694 - 开始收集指标...
2026-03-07T02:44:02.700368 - 指标收集完成: 负载0.31, 内存32.8%, 服务gateway+health_api
2026-03-07T02:49:04.014060 - 开始收集指标...
2026-03-07T02:49:04.134390 - 指标收集完成: 负载0.31, 内存32.6%, 服务gateway+health_api
2026-03-07T02:54:05.441716 - 开始收集指标...
2026-03-07T02:54:05.563639 - 指标收集完成: 负载0.56, 内存32.5%, 服务gateway+health_api
2026-03-07T02:59:07.436620 - 开始收集指标...
2026-03-07T02:59:07.556544 - 指标收集完成: 负载0.97, 内存32.5%, 服务gateway+health_api
2026-03-07T03:04:08.945017 - 开始收集指标...
2026-03-07T03:04:09.063432 - 指标收集完成: 负载0.4, 内存32.6%, 服务gateway+health_api
2026-03-07T03:09:10.424588 - 开始收集指标...
2026-03-07T03:09:10.543706 - 指标收集完成: 负载0.49, 内存32.4%, 服务gateway+health_api
2026-03-07T03:14:12.087999 - 开始收集指标...
2026-03-07T03:14:12.203083 - 指标收集完成: 负载0.6, 内存32.7%, 服务gateway+health_api
2026-03-07T03:19:13.683281 - 开始收集指标...
2026-03-07T03:19:13.808245 - 指标收集完成: 负载0.67, 内存32.9%, 服务gateway+health_api
2026-03-07T03:24:15.347030 - 开始收集指标...
2026-03-07T03:24:15.514349 - 指标收集完成: 负载0.95, 内存35.7%, 服务gateway+health_api
2026-03-07T03:29:16.814226 - 开始收集指标...
2026-03-07T03:29:16.938951 - 指标收集完成: 负载0.34, 内存32.5%, 服务gateway+health_api
2026-03-07T03:34:18.242496 - 开始收集指标...
2026-03-07T03:34:18.356973 - 指标收集完成: 负载0.84, 内存32.9%, 服务gateway+health_api
2026-03-07T03:39:19.747894 - 开始收集指标...
2026-03-07T03:39:19.869760 - 指标收集完成: 负载0.64, 内存32.9%, 服务gateway+health_api
2026-03-07T03:44:21.303180 - 开始收集指标...
2026-03-07T03:44:21.416199 - 指标收集完成: 负载0.13, 内存32.4%, 服务gateway+health_api
2026-03-07T03:49:22.766848 - 开始收集指标...
2026-03-07T03:49:22.886262 - 指标收集完成: 负载0.29, 内存32.5%, 服务gateway+health_api
2026-03-07T03:54:24.199924 - 开始收集指标...
2026-03-07T03:54:24.316703 - 指标收集完成: 负载1.09, 内存32.5%, 服务gateway+health_api
2026-03-07T03:59:25.632436 - 开始收集指标...
2026-03-07T03:59:25.749295 - 指标收集完成: 负载1.0, 内存32.5%, 服务gateway+health_api
2026-03-07T04:04:27.109258 - 开始收集指标...
2026-03-07T04:04:27.230033 - 指标收集完成: 负载0.15, 内存33.5%, 服务gateway+health_api
2026-03-07T04:09:28.561801 - 开始收集指标...
2026-03-07T04:09:28.675728 - 指标收集完成: 负载0.38, 内存32.3%, 服务gateway+health_api
2026-03-07T04:14:29.992911 - 开始收集指标...
2026-03-07T04:14:30.110583 - 指标收集完成: 负载0.2, 内存33.2%, 服务gateway+health_api
2026-03-07T04:19:31.467819 - 开始收集指标...
2026-03-07T04:19:31.583875 - 指标收集完成: 负载0.16, 内存33.1%, 服务gateway+health_api
2026-03-07T04:24:32.934121 - 开始收集指标...
2026-03-07T04:24:33.095407 - 指标收集完成: 负载0.49, 内存34.0%, 服务gateway+health_api
2026-03-07T04:29:34.512248 - 开始收集指标...
2026-03-07T04:29:34.628265 - 指标收集完成: 负载0.38, 内存32.9%, 服务gateway+health_api
2026-03-07T04:34:36.032621 - 开始收集指标...
2026-03-07T04:34:36.238799 - 指标收集完成: 负载1.3, 内存35.5%, 服务gateway+health_api
2026-03-07T04:39:37.914765 - 开始收集指标...
2026-03-07T04:39:38.033484 - 指标收集完成: 负载0.54, 内存33.2%, 服务gateway+health_api
2026-03-07T04:44:39.556029 - 开始收集指标...
2026-03-07T04:44:39.679140 - 指标收集完成: 负载0.64, 内存33.4%, 服务gateway+health_api
2026-03-07T04:49:41.165432 - 开始收集指标...
2026-03-07T04:49:41.283495 - 指标收集完成: 负载2.01, 内存32.7%, 服务gateway+health_api
2026-03-07T04:54:42.763367 - 开始收集指标...
2026-03-07T04:54:42.903402 - 指标收集完成: 负载1.27, 内存35.8%, 服务gateway+health_api
2026-03-07T04:59:44.382238 - 开始收集指标...
2026-03-07T04:59:44.532592 - 指标收集完成: 负载0.44, 内存33.3%, 服务gateway+health_api
2026-03-07T05:04:46.008865 - 开始收集指标...
2026-03-07T05:04:46.126637 - 指标收集完成: 负载0.36, 内存32.7%, 服务gateway+health_api
2026-03-07T05:09:47.689070 - 开始收集指标...
2026-03-07T05:09:47.897990 - 指标收集完成: 负载1.3, 内存36.5%, 服务gateway+health_api
2026-03-07T05:14:49.443001 - 开始收集指标...
2026-03-07T05:14:49.563020 - 指标收集完成: 负载0.56, 内存32.6%, 服务gateway+health_api
2026-03-07T05:19:51.219031 - 开始收集指标...
2026-03-07T05:19:51.633029 - 指标收集完成: 负载1.12, 内存33.1%, 服务gateway+health_api
2026-03-07T05:24:53.310629 - 开始收集指标...
2026-03-07T05:24:53.455348 - 指标收集完成: 负载1.53, 内存33.4%, 服务gateway+health_api
2026-03-07T05:29:54.813542 - 开始收集指标...
2026-03-07T05:29:54.930346 - 指标收集完成: 负载0.4, 内存32.9%, 服务gateway+health_api
2026-03-07T05:34:56.360683 - 开始收集指标...
2026-03-07T05:34:56.485982 - 指标收集完成: 负载0.47, 内存32.6%, 服务gateway+health_api
2026-03-07T05:39:57.855892 - 开始收集指标...
2026-03-07T05:39:57.976911 - 指标收集完成: 负载0.53, 内存32.5%, 服务gateway+health_api
2026-03-07T05:44:59.460302 - 开始收集指标...
2026-03-07T05:44:59.579877 - 指标收集完成: 负载0.52, 内存32.9%, 服务gateway+health_api
