2026-03-06T08:28:15.870854 - 任务调度器守护进程启动
2026-03-06T08:28:15.871501 - 执行任务: health_check
2026-03-06T08:28:19.762976 -   完成: returncode=0
2026-03-06T08:28:19.763184 - 执行任务: metrics_collect
2026-03-06T08:28:23.068025 -   完成: returncode=0
2026-03-06T08:28:23.069007 - 执行任务: api_health
2026-03-06T08:28:23.186016 -   完成: returncode=0
2026-03-06T08:28:23.186223 - 执行任务: self_healer
2026-03-06T08:28:23.362451 -   完成: returncode=0
2026-03-06T08:29:23.428699 - 执行任务: api_health
2026-03-06T08:29:23.531851 -   完成: returncode=0
2026-03-06T08:30:23.595821 - 执行任务: api_health
2026-03-06T08:30:23.712456 -   完成: returncode=0
2026-03-06T08:31:23.769315 - 执行任务: api_health
2026-03-06T08:31:23.905000 -   完成: returncode=0
2026-03-06T08:32:23.957660 - 执行任务: api_health
2026-03-06T08:32:24.075930 -   完成: returncode=0
2026-03-06T08:33:24.146533 - 执行任务: health_check
2026-03-06T08:33:28.082047 -   完成: returncode=0
2026-03-06T08:33:28.082267 - 执行任务: metrics_collect
2026-03-06T08:33:31.439474 -   完成: returncode=0
2026-03-06T08:33:31.439696 - 执行任务: api_health
2026-03-06T08:33:31.572380 -   完成: returncode=0
2026-03-06T08:33:31.572546 - 执行任务: self_healer
2026-03-06T08:33:32.431008 -   完成: returncode=0
2026-03-06T08:34:32.484548 - 执行任务: api_health
2026-03-06T08:34:32.598099 -   完成: returncode=0
2026-03-06T08:35:32.649567 - 执行任务: api_health
2026-03-06T08:35:32.766215 -   完成: returncode=0
2026-03-06T08:36:32.817839 - 执行任务: api_health
2026-03-06T08:36:32.931736 -   完成: returncode=0
2026-03-06T08:37:32.992298 - 执行任务: api_health
2026-03-06T08:37:33.118635 -   完成: returncode=0
2026-03-06T08:38:33.174470 - 执行任务: health_check
2026-03-06T08:38:36.778792 -   完成: returncode=0
2026-03-06T08:38:36.779219 - 执行任务: metrics_collect
2026-03-06T08:38:40.035688 -   完成: returncode=0
2026-03-06T08:38:40.035800 - 执行任务: api_health
2026-03-06T08:38:40.149836 -   完成: returncode=0
2026-03-06T08:38:40.150002 - 执行任务: self_healer
2026-03-06T08:38:40.315240 -   完成: returncode=0
2026-03-06T08:39:40.371542 - 执行任务: api_health
2026-03-06T08:39:40.519370 -   完成: returncode=0
2026-03-06T08:40:40.572273 - 执行任务: api_health
2026-03-06T08:40:40.685271 -   完成: returncode=0
