2026-03-06T07:36:58.889086 - 开始系统自愈检查...
2026-03-06T07:36:59.373660 - 所有服务正常，无需自愈
2026-03-06T08:28:23.227408 - 开始系统自愈检查...
2026-03-06T08:28:23.350664 - 所有服务正常，无需自愈
2026-03-06T08:33:31.617006 - 开始系统自愈检查...
2026-03-06T08:33:32.420370 - 所有服务正常，无需自愈
2026-03-06T08:38:40.184572 - 开始系统自愈检查...
2026-03-06T08:38:40.305023 - 所有服务正常，无需自愈
2026-03-06T08:43:48.651499 - 开始系统自愈检查...
2026-03-06T08:43:48.769368 - 所有服务正常，无需自愈
2026-03-06T08:48:57.146934 - 开始系统自愈检查...
2026-03-06T08:48:57.267590 - 所有服务正常，无需自愈
2026-03-06T08:54:06.463158 - 开始系统自愈检查...
2026-03-06T08:54:06.586511 - 所有服务正常，无需自愈
2026-03-06T08:59:15.396884 - 开始系统自愈检查...
2026-03-06T08:59:15.527233 - 所有服务正常，无需自愈
2026-03-06T09:04:27.145007 - 开始系统自愈检查...
2026-03-06T09:04:27.531247 - 所有服务正常，无需自愈
2026-03-06T09:09:35.441522 - 开始系统自愈检查...
2026-03-06T09:09:35.571185 - 所有服务正常，无需自愈
2026-03-06T09:14:44.343559 - 开始系统自愈检查...
2026-03-06T09:14:44.465141 - 所有服务正常，无需自愈
2026-03-06T09:19:53.109875 - 开始系统自愈检查...
2026-03-06T09:19:53.271753 - 所有服务正常，无需自愈
2026-03-06T09:25:04.050007 - 开始系统自愈检查...
2026-03-06T09:25:04.173367 - 所有服务正常，无需自愈
2026-03-06T09:30:11.909805 - 开始系统自愈检查...
2026-03-06T09:30:12.100224 - 所有服务正常，无需自愈
2026-03-06T09:35:21.549565 - 开始系统自愈检查...
2026-03-06T09:35:21.687638 - 所有服务正常，无需自愈
2026-03-06T09:40:27.198626 - 开始系统自愈检查...
2026-03-06T09:40:27.325328 - 所有服务正常，无需自愈
2026-03-06T09:45:33.442619 - 开始系统自愈检查...
2026-03-06T09:45:33.567703 - 所有服务正常，无需自愈
2026-03-06T09:50:40.364910 - 开始系统自愈检查...
2026-03-06T09:50:40.785741 - 所有服务正常，无需自愈
2026-03-06T09:55:46.104423 - 开始系统自愈检查...
2026-03-06T09:55:46.228249 - 所有服务正常，无需自愈
2026-03-06T10:00:54.141524 - 开始系统自愈检查...
2026-03-06T10:00:54.333069 - 所有服务正常，无需自愈
2026-03-06T10:05:59.211014 - 开始系统自愈检查...
2026-03-06T10:05:59.340045 - 所有服务正常，无需自愈
2026-03-06T10:11:04.388362 - 开始系统自愈检查...
2026-03-06T10:11:04.514779 - 所有服务正常，无需自愈
2026-03-06T10:16:16.453895 - 开始系统自愈检查...
2026-03-06T10:16:16.577336 - 所有服务正常，无需自愈
2026-03-06T10:21:23.803300 - 开始系统自愈检查...
2026-03-06T10:21:23.941669 - 所有服务正常，无需自愈
2026-03-06T10:26:32.806237 - 开始系统自愈检查...
2026-03-06T10:26:32.936285 - 所有服务正常，无需自愈
2026-03-06T10:31:41.642629 - 开始系统自愈检查...
2026-03-06T10:31:41.773501 - 所有服务正常，无需自愈
2026-03-06T10:36:50.904856 - 开始系统自愈检查...
2026-03-06T10:36:51.029201 - 所有服务正常，无需自愈
2026-03-06T10:41:53.092841 - 开始系统自愈检查...
2026-03-06T10:41:53.219026 - 所有服务正常，无需自愈
2026-03-06T10:47:01.207842 - 开始系统自愈检查...
2026-03-06T10:47:01.327926 - 所有服务正常，无需自愈
2026-03-06T10:52:12.246786 - 开始系统自愈检查...
2026-03-06T10:52:12.374636 - 所有服务正常，无需自愈
2026-03-06T10:57:26.649995 - 开始系统自愈检查...
2026-03-06T10:57:26.776592 - 所有服务正常，无需自愈
2026-03-06T11:02:38.602047 - 开始系统自愈检查...
2026-03-06T11:02:38.724415 - 所有服务正常，无需自愈
2026-03-06T11:04:42.870411 - 开始系统自愈检查...
2026-03-06T11:04:42.994274 - 所有服务正常，无需自愈
2026-03-06T11:07:46.902422 - 开始系统自愈检查...
2026-03-06T11:07:47.029164 - 所有服务正常，无需自愈
2026-03-06T11:09:54.124052 - 开始系统自愈检查...
2026-03-06T11:09:54.255988 - 所有服务正常，无需自愈
2026-03-06T11:12:52.664679 - 开始系统自愈检查...
2026-03-06T11:12:52.789428 - 所有服务正常，无需自愈
2026-03-06T11:15:05.185943 - 开始系统自愈检查...
2026-03-06T11:15:05.311974 - 所有服务正常，无需自愈
2026-03-06T11:18:03.298188 - 开始系统自愈检查...
2026-03-06T11:18:03.481531 - 所有服务正常，无需自愈
2026-03-06T11:20:12.468194 - 开始系统自愈检查...
2026-03-06T11:20:12.859574 - 所有服务正常，无需自愈
2026-03-06T11:23:12.566454 - 开始系统自愈检查...
2026-03-06T11:23:12.713854 - 所有服务正常，无需自愈
2026-03-06T11:25:19.933106 - 开始系统自愈检查...
2026-03-06T11:25:20.065828 - 所有服务正常，无需自愈
2026-03-06T11:28:20.311966 - 开始系统自愈检查...
2026-03-06T11:28:20.434736 - 所有服务正常，无需自愈
2026-03-06T11:30:26.969808 - 开始系统自愈检查...
2026-03-06T11:30:27.093189 - 所有服务正常，无需自愈
2026-03-06T11:33:26.764480 - 开始系统自愈检查...
2026-03-06T11:33:26.887023 - 所有服务正常，无需自愈
2026-03-06T11:38:35.100335 - 开始系统自愈检查...
2026-03-06T11:38:35.631976 - 所有服务正常，无需自愈
2026-03-06T11:43:37.710222 - 开始系统自愈检查...
2026-03-06T11:43:37.833745 - 所有服务正常，无需自愈
2026-03-06T11:48:44.122986 - 开始系统自愈检查...
2026-03-06T11:48:44.260509 - 所有服务正常，无需自愈
2026-03-06T11:53:50.647810 - 开始系统自愈检查...
2026-03-06T11:53:50.792764 - 所有服务正常，无需自愈
2026-03-06T11:58:56.665428 - 开始系统自愈检查...
2026-03-06T11:58:56.786785 - 所有服务正常，无需自愈
2026-03-06T12:04:02.996993 - 开始系统自愈检查...
2026-03-06T12:04:03.123047 - 所有服务正常，无需自愈
2026-03-06T12:09:06.441637 - 开始系统自愈检查...
2026-03-06T12:09:06.609951 - 所有服务正常，无需自愈
2026-03-06T12:14:09.066947 - 开始系统自愈检查...
2026-03-06T12:14:09.206788 - 所有服务正常，无需自愈
2026-03-06T12:19:11.217542 - 开始系统自愈检查...
2026-03-06T12:19:11.441217 - 所有服务正常，无需自愈
2026-03-06T12:24:16.203329 - 开始系统自愈检查...
2026-03-06T12:24:16.557157 - 所有服务正常，无需自愈
2026-03-06T12:29:21.770629 - 开始系统自愈检查...
2026-03-06T12:29:22.138007 - 所有服务正常，无需自愈
2026-03-06T12:34:28.808695 - 开始系统自愈检查...
2026-03-06T12:34:29.120186 - 所有服务正常，无需自愈
2026-03-06T12:39:35.071823 - 开始系统自愈检查...
2026-03-06T12:39:35.414283 - 所有服务正常，无需自愈
2026-03-06T12:44:38.302719 - 开始系统自愈检查...
2026-03-06T12:44:38.444728 - 所有服务正常，无需自愈
2026-03-06T12:49:05.342644 - 开始系统自愈检查...
2026-03-06T12:49:05.363360 - 检测到问题: health_api
2026-03-06T12:49:05.363451 - 尝试重启服务: health_api
2026-03-06T12:49:05.373012 - 检测到问题: dashboard
2026-03-06T12:49:05.373182 - 尝试重启服务: dashboard
2026-03-06T12:49:05.382747 - 检测到问题: collab_api
2026-03-06T12:49:05.382827 - 尝试重启服务: collab_api
2026-03-06T12:49:05.382879 - 已修复 3 个问题
2026-03-06T12:54:45.480001 - 开始系统自愈检查...
2026-03-06T12:54:45.517653 - 检测到问题: dashboard
2026-03-06T12:54:45.517739 - 尝试重启服务: dashboard
2026-03-06T12:54:45.526951 - 检测到问题: collab_api
2026-03-06T12:54:45.527044 - 尝试重启服务: collab_api
2026-03-06T12:54:45.527110 - 已修复 2 个问题
2026-03-06T12:59:51.903740 - 开始系统自愈检查...
2026-03-06T12:59:51.935743 - 检测到问题: dashboard
2026-03-06T12:59:51.935826 - 尝试重启服务: dashboard
2026-03-06T12:59:51.945556 - 检测到问题: collab_api
2026-03-06T12:59:51.945635 - 尝试重启服务: collab_api
2026-03-06T12:59:51.945676 - 已修复 2 个问题
2026-03-06T13:04:53.306178 - 开始系统自愈检查...
2026-03-06T13:04:53.337288 - 检测到问题: dashboard
2026-03-06T13:04:53.337442 - 尝试重启服务: dashboard
2026-03-06T13:04:53.347180 - 检测到问题: collab_api
2026-03-06T13:04:53.347258 - 尝试重启服务: collab_api
2026-03-06T13:04:53.347296 - 已修复 2 个问题
2026-03-06T13:09:54.876630 - 开始系统自愈检查...
2026-03-06T13:09:54.907674 - 检测到问题: dashboard
2026-03-06T13:09:54.907771 - 尝试重启服务: dashboard
2026-03-06T13:09:54.918164 - 检测到问题: collab_api
2026-03-06T13:09:54.918260 - 尝试重启服务: collab_api
2026-03-06T13:09:54.918303 - 已修复 2 个问题
2026-03-06T13:14:56.292486 - 开始系统自愈检查...
2026-03-06T13:14:56.327176 - 检测到问题: dashboard
2026-03-06T13:14:56.327273 - 尝试重启服务: dashboard
2026-03-06T13:14:56.338015 - 检测到问题: collab_api
2026-03-06T13:14:56.338280 - 尝试重启服务: collab_api
2026-03-06T13:14:56.338364 - 已修复 2 个问题
2026-03-06T13:19:57.711282 - 开始系统自愈检查...
2026-03-06T13:19:57.746774 - 检测到问题: dashboard
2026-03-06T13:19:57.746870 - 尝试重启服务: dashboard
2026-03-06T13:19:57.756878 - 检测到问题: collab_api
2026-03-06T13:19:57.756958 - 尝试重启服务: collab_api
2026-03-06T13:19:57.756998 - 已修复 2 个问题
2026-03-06T13:24:59.165716 - 开始系统自愈检查...
2026-03-06T13:24:59.199577 - 检测到问题: dashboard
2026-03-06T13:24:59.199666 - 尝试重启服务: dashboard
2026-03-06T13:24:59.208872 - 检测到问题: collab_api
2026-03-06T13:24:59.208973 - 尝试重启服务: collab_api
2026-03-06T13:24:59.209016 - 已修复 2 个问题
2026-03-06T13:30:00.598059 - 开始系统自愈检查...
2026-03-06T13:30:00.634613 - 检测到问题: dashboard
2026-03-06T13:30:00.634805 - 尝试重启服务: dashboard
2026-03-06T13:30:00.646118 - 检测到问题: collab_api
2026-03-06T13:30:00.646234 - 尝试重启服务: collab_api
2026-03-06T13:30:00.646317 - 已修复 2 个问题
2026-03-06T13:35:02.081231 - 开始系统自愈检查...
2026-03-06T13:35:02.113601 - 检测到问题: dashboard
2026-03-06T13:35:02.113689 - 尝试重启服务: dashboard
2026-03-06T13:35:02.122937 - 检测到问题: collab_api
2026-03-06T13:35:02.123015 - 尝试重启服务: collab_api
2026-03-06T13:35:02.123298 - 已修复 2 个问题
2026-03-06T13:40:03.505966 - 开始系统自愈检查...
2026-03-06T13:40:03.539360 - 检测到问题: dashboard
2026-03-06T13:40:03.539471 - 尝试重启服务: dashboard
2026-03-06T13:40:03.549332 - 检测到问题: collab_api
2026-03-06T13:40:03.549419 - 尝试重启服务: collab_api
2026-03-06T13:40:03.549461 - 已修复 2 个问题
2026-03-06T13:45:05.211923 - 开始系统自愈检查...
2026-03-06T13:45:05.243109 - 检测到问题: dashboard
2026-03-06T13:45:05.243194 - 尝试重启服务: dashboard
2026-03-06T13:45:05.252974 - 检测到问题: collab_api
2026-03-06T13:45:05.253056 - 尝试重启服务: collab_api
2026-03-06T13:45:05.253096 - 已修复 2 个问题
2026-03-06T13:50:06.793439 - 开始系统自愈检查...
2026-03-06T13:50:06.823333 - 检测到问题: dashboard
2026-03-06T13:50:06.823437 - 尝试重启服务: dashboard
2026-03-06T13:50:06.833546 - 检测到问题: collab_api
2026-03-06T13:50:06.833640 - 尝试重启服务: collab_api
2026-03-06T13:50:06.833681 - 已修复 2 个问题
2026-03-06T13:55:08.248022 - 开始系统自愈检查...
2026-03-06T13:55:08.280758 - 检测到问题: dashboard
2026-03-06T13:55:08.280850 - 尝试重启服务: dashboard
2026-03-06T13:55:08.290916 - 检测到问题: collab_api
2026-03-06T13:55:08.291002 - 尝试重启服务: collab_api
2026-03-06T13:55:08.291042 - 已修复 2 个问题
2026-03-06T14:00:09.748012 - 开始系统自愈检查...
2026-03-06T14:00:09.780288 - 检测到问题: dashboard
2026-03-06T14:00:09.780398 - 尝试重启服务: dashboard
2026-03-06T14:00:09.790387 - 检测到问题: collab_api
2026-03-06T14:00:09.790486 - 尝试重启服务: collab_api
2026-03-06T14:00:09.790526 - 已修复 2 个问题
2026-03-06T14:05:11.183950 - 开始系统自愈检查...
2026-03-06T14:05:11.214416 - 检测到问题: dashboard
2026-03-06T14:05:11.214670 - 尝试重启服务: dashboard
2026-03-06T14:05:11.224369 - 检测到问题: collab_api
2026-03-06T14:05:11.224468 - 尝试重启服务: collab_api
2026-03-06T14:05:11.224512 - 已修复 2 个问题
2026-03-06T14:10:17.627759 - 开始系统自愈检查...
2026-03-06T14:10:17.660842 - 检测到问题: dashboard
2026-03-06T14:10:17.660923 - 尝试重启服务: dashboard
2026-03-06T14:10:17.671015 - 检测到问题: collab_api
2026-03-06T14:10:17.671092 - 尝试重启服务: collab_api
2026-03-06T14:10:17.671131 - 已修复 2 个问题
2026-03-06T14:15:19.144934 - 开始系统自愈检查...
2026-03-06T14:15:19.178213 - 检测到问题: dashboard
2026-03-06T14:15:19.178353 - 尝试重启服务: dashboard
2026-03-06T14:15:19.187201 - 检测到问题: collab_api
2026-03-06T14:15:19.187326 - 尝试重启服务: collab_api
2026-03-06T14:15:19.187369 - 已修复 2 个问题
2026-03-06T14:20:20.557834 - 开始系统自愈检查...
2026-03-06T14:20:20.590474 - 检测到问题: dashboard
2026-03-06T14:20:20.590562 - 尝试重启服务: dashboard
2026-03-06T14:20:20.600623 - 检测到问题: collab_api
2026-03-06T14:20:20.600849 - 尝试重启服务: collab_api
2026-03-06T14:20:20.600954 - 已修复 2 个问题
2026-03-06T14:25:22.086338 - 开始系统自愈检查...
2026-03-06T14:25:22.117385 - 检测到问题: dashboard
2026-03-06T14:25:22.117473 - 尝试重启服务: dashboard
2026-03-06T14:25:22.127405 - 检测到问题: collab_api
2026-03-06T14:25:22.127488 - 尝试重启服务: collab_api
2026-03-06T14:25:22.127530 - 已修复 2 个问题
2026-03-06T14:30:50.439568 - 开始系统自愈检查...
2026-03-06T14:30:50.470396 - 检测到问题: dashboard
2026-03-06T14:30:50.470529 - 尝试重启服务: dashboard
2026-03-06T14:30:50.480624 - 检测到问题: collab_api
2026-03-06T14:30:50.480886 - 尝试重启服务: collab_api
2026-03-06T14:30:50.480947 - 已修复 2 个问题
2026-03-06T14:35:51.860940 - 开始系统自愈检查...
2026-03-06T14:35:51.892450 - 检测到问题: dashboard
2026-03-06T14:35:51.892540 - 尝试重启服务: dashboard
2026-03-06T14:35:51.902053 - 检测到问题: collab_api
2026-03-06T14:35:51.902140 - 尝试重启服务: collab_api
2026-03-06T14:35:51.902181 - 已修复 2 个问题
2026-03-06T14:40:53.452747 - 开始系统自愈检查...
2026-03-06T14:40:53.485579 - 检测到问题: dashboard
2026-03-06T14:40:53.485689 - 尝试重启服务: dashboard
2026-03-06T14:40:53.494845 - 检测到问题: collab_api
2026-03-06T14:40:53.494923 - 尝试重启服务: collab_api
2026-03-06T14:40:53.494963 - 已修复 2 个问题
2026-03-06T14:45:54.952891 - 开始系统自愈检查...
2026-03-06T14:45:55.472709 - 检测到问题: dashboard
2026-03-06T14:45:55.472925 - 尝试重启服务: dashboard
2026-03-06T14:45:55.504632 - 检测到问题: collab_api
2026-03-06T14:45:55.504854 - 尝试重启服务: collab_api
2026-03-06T14:45:55.504978 - 已修复 2 个问题
2026-03-06T14:50:57.138492 - 开始系统自愈检查...
2026-03-06T14:50:57.170258 - 检测到问题: dashboard
2026-03-06T14:50:57.170340 - 尝试重启服务: dashboard
2026-03-06T14:50:57.181861 - 检测到问题: collab_api
2026-03-06T14:50:57.182063 - 尝试重启服务: collab_api
2026-03-06T14:50:57.182149 - 已修复 2 个问题
2026-03-06T14:55:58.720899 - 开始系统自愈检查...
2026-03-06T14:55:58.751368 - 检测到问题: dashboard
2026-03-06T14:55:58.751480 - 尝试重启服务: dashboard
2026-03-06T14:55:58.760720 - 检测到问题: collab_api
2026-03-06T14:55:58.760796 - 尝试重启服务: collab_api
2026-03-06T14:55:58.760836 - 已修复 2 个问题
2026-03-06T15:01:00.388244 - 开始系统自愈检查...
2026-03-06T15:01:00.426726 - 检测到问题: dashboard
2026-03-06T15:01:00.426919 - 尝试重启服务: dashboard
2026-03-06T15:01:00.442826 - 检测到问题: collab_api
2026-03-06T15:01:00.443124 - 尝试重启服务: collab_api
2026-03-06T15:01:00.443262 - 已修复 2 个问题
2026-03-06T15:06:01.899808 - 开始系统自愈检查...
2026-03-06T15:06:01.932831 - 检测到问题: dashboard
2026-03-06T15:06:01.932956 - 尝试重启服务: dashboard
2026-03-06T15:06:01.942378 - 检测到问题: collab_api
2026-03-06T15:06:01.942515 - 尝试重启服务: collab_api
2026-03-06T15:06:01.942558 - 已修复 2 个问题
