[Wed Mar  4 04:30:02 PM CST 2026] 检查完成
[Wed Mar  4 04:40:01 PM CST 2026] 检查完成
[Wed Mar  4 04:50:01 PM CST 2026] 检查完成
[Wed Mar  4 05:00:01 PM CST 2026] 检查完成
[Wed Mar  4 05:10:11 PM CST 2026] 检查完成
[Wed Mar  4 05:15:12 PM CST 2026] auto-fix: 完成 1 项修复
[Wed Mar  4 05:18:23 PM CST 2026] auto-fix: 完成 1 项修复
[Wed Mar  4 05:20:02 PM CST 2026] 检查完成
[Wed Mar  4 05:30:05 PM CST 2026] 检查完成
[Wed Mar  4 05:40:04 PM CST 2026] 检查完成
[Wed Mar  4 05:50:06 PM CST 2026] 检查完成
[Wed Mar  4 06:00:06 PM CST 2026] 检查完成
[Wed Mar  4 06:10:02 PM CST 2026] 检查完成
[Wed Mar  4 06:20:02 PM CST 2026] 检查完成
[Wed Mar  4 06:30:03 PM CST 2026] 检查完成
[Wed Mar  4 06:40:05 PM CST 2026] 检查完成
[Wed Mar  4 06:50:04 PM CST 2026] 检查完成
[Wed Mar  4 07:00:03 PM CST 2026] 检查完成
[Wed Mar  4 07:10:02 PM CST 2026] 检查完成
[Wed Mar  4 07:20:07 PM CST 2026] 检查完成
[Wed Mar  4 07:30:06 PM CST 2026] 检查完成
[Wed Mar  4 07:40:05 PM CST 2026] 检查完成
[Wed Mar  4 07:50:04 PM CST 2026] 检查完成
[Wed Mar  4 08:00:02 PM CST 2026] 检查完成
[Wed Mar  4 08:10:06 PM CST 2026] 检查完成
[Wed Mar  4 08:20:04 PM CST 2026] 检查完成
[Wed Mar  4 08:30:03 PM CST 2026] 检查完成
[Wed Mar  4 08:40:02 PM CST 2026] 检查完成
[Wed Mar  4 08:50:03 PM CST 2026] 检查完成
[Wed Mar  4 09:00:02 PM CST 2026] 检查完成
[Wed Mar  4 09:10:01 PM CST 2026] 检查完成
[Wed Mar  4 09:20:04 PM CST 2026] 检查完成
[Wed Mar  4 09:30:03 PM CST 2026] 检查完成
[Wed Mar  4 09:40:02 PM CST 2026] 检查完成
[Wed Mar  4 09:50:06 PM CST 2026] 检查完成
[Wed Mar  4 10:00:05 PM CST 2026] 检查完成
[Wed Mar  4 10:10:04 PM CST 2026] 检查完成
[Wed Mar  4 10:20:02 PM CST 2026] 检查完成
[Wed Mar  4 10:30:06 PM CST 2026] 检查完成
[Wed Mar  4 10:40:32 PM CST 2026] 检查完成
[Wed Mar  4 10:50:03 PM CST 2026] 检查完成
[Wed Mar  4 11:00:01 PM CST 2026] 检查完成
[Wed Mar  4 11:10:05 PM CST 2026] 检查完成
[Wed Mar  4 11:20:04 PM CST 2026] 检查完成
[Wed Mar  4 11:30:02 PM CST 2026] 检查完成
[Wed Mar  4 11:40:06 PM CST 2026] 检查完成
[Wed Mar  4 11:50:04 PM CST 2026] 检查完成
[Thu Mar  5 12:00:02 AM CST 2026] 检查完成
[Thu Mar  5 12:10:06 AM CST 2026] 检查完成
[Thu Mar  5 12:20:04 AM CST 2026] 检查完成
[Thu Mar  5 12:30:03 AM CST 2026] 检查完成
[Thu Mar  5 12:40:06 AM CST 2026] 检查完成
[Thu Mar  5 12:50:04 AM CST 2026] 检查完成
[Thu Mar  5 01:00:02 AM CST 2026] 检查完成
[Thu Mar  5 01:10:05 AM CST 2026] 检查完成
[Thu Mar  5 01:20:04 AM CST 2026] 检查完成
[Thu Mar  5 01:30:02 AM CST 2026] 检查完成
[Thu Mar  5 01:40:05 AM CST 2026] 检查完成
[Thu Mar  5 01:50:04 AM CST 2026] 检查完成
[Thu Mar  5 02:00:03 AM CST 2026] 检查完成
[Thu Mar  5 02:10:01 AM CST 2026] 检查完成
[Thu Mar  5 02:20:02 AM CST 2026] 检查完成
[Thu Mar  5 02:30:06 AM CST 2026] 检查完成
[Thu Mar  5 02:40:02 AM CST 2026] 检查完成
[Thu Mar  5 02:50:05 AM CST 2026] 检查完成
[Thu Mar  5 03:00:04 AM CST 2026] 检查完成
[Thu Mar  5 03:10:02 AM CST 2026] 检查完成
[Thu Mar  5 03:20:05 AM CST 2026] 检查完成
[Thu Mar  5 03:30:03 AM CST 2026] 检查完成
[Thu Mar  5 03:40:07 AM CST 2026] 检查完成
[Thu Mar  5 03:50:04 AM CST 2026] 检查完成
[Thu Mar  5 04:00:02 AM CST 2026] 检查完成
[Thu Mar  5 04:10:06 AM CST 2026] 检查完成
[Thu Mar  5 04:20:04 AM CST 2026] 检查完成
[Thu Mar  5 04:30:02 AM CST 2026] 检查完成
[Thu Mar  5 04:40:03 AM CST 2026] 检查完成
[Thu Mar  5 04:50:07 AM CST 2026] 检查完成
[Thu Mar  5 05:00:05 AM CST 2026] 检查完成
[Thu Mar  5 05:10:04 AM CST 2026] 检查完成
[Thu Mar  5 05:20:04 AM CST 2026] 检查完成
[Thu Mar  5 05:30:02 AM CST 2026] 检查完成
[Thu Mar  5 05:40:06 AM CST 2026] 检查完成
[Thu Mar  5 05:50:04 AM CST 2026] 检查完成
[Thu Mar  5 06:00:02 AM CST 2026] 检查完成
[Thu Mar  5 06:10:05 AM CST 2026] 检查完成
[Thu Mar  5 06:20:04 AM CST 2026] 检查完成
[Thu Mar  5 06:30:02 AM CST 2026] 检查完成
[Thu Mar  5 06:40:03 AM CST 2026] 检查完成
[Thu Mar  5 06:50:04 AM CST 2026] 检查完成
[Thu Mar  5 07:00:02 AM CST 2026] 检查完成
[Thu Mar  5 07:10:05 AM CST 2026] 检查完成
[Thu Mar  5 07:20:03 AM CST 2026] 检查完成
[Thu Mar  5 07:30:02 AM CST 2026] 检查完成
[Thu Mar  5 07:40:04 AM CST 2026] 检查完成
[Thu Mar  5 07:50:02 AM CST 2026] 检查完成
[Thu Mar  5 08:00:06 AM CST 2026] 检查完成
[Thu Mar  5 08:10:04 AM CST 2026] 检查完成
[Thu Mar  5 08:20:04 AM CST 2026] 检查完成
[Thu Mar  5 08:30:03 AM CST 2026] 检查完成
[Thu Mar  5 08:40:04 AM CST 2026] 检查完成
[Thu Mar  5 08:50:03 AM CST 2026] 检查完成
[Thu Mar  5 09:00:01 AM CST 2026] 检查完成
[Thu Mar  5 09:10:05 AM CST 2026] 检查完成
[Thu Mar  5 09:20:04 AM CST 2026] 检查完成
[Thu Mar  5 09:30:03 AM CST 2026] 检查完成
[Thu Mar  5 09:40:01 AM CST 2026] 检查完成
[Thu Mar  5 09:50:03 AM CST 2026] 检查完成
[Thu Mar  5 10:00:02 AM CST 2026] 检查完成
[Thu Mar  5 10:10:03 AM CST 2026] 检查完成
[Thu Mar  5 10:20:04 AM CST 2026] 检查完成
[Thu Mar  5 10:30:05 AM CST 2026] 检查完成
[CRITICAL] 面板: 504
[Thu Mar  5 10:41:01 AM CST 2026] 检查完成
[Thu Mar  5 10:50:01 AM CST 2026] 检查完成
[Thu Mar  5 11:00:03 AM CST 2026] 检查完成
[Thu Mar  5 11:10:04 AM CST 2026] 检查完成
[Thu Mar  5 11:20:05 AM CST 2026] 检查完成
[Thu Mar  5 11:30:02 AM CST 2026] 检查完成
[Thu Mar  5 11:40:04 AM CST 2026] 检查完成
[Thu Mar  5 11:50:01 AM CST 2026] 检查完成
[Thu Mar  5 12:00:03 PM CST 2026] 检查完成
[Thu Mar  5 12:10:05 PM CST 2026] 检查完成
[Thu Mar  5 12:20:06 PM CST 2026] 检查完成
[Thu Mar  5 12:30:02 PM CST 2026] 检查完成
[Thu Mar  5 12:40:06 PM CST 2026] 检查完成
[Thu Mar  5 12:50:04 PM CST 2026] 检查完成
[Thu Mar  5 01:00:05 PM CST 2026] 检查完成
[Thu Mar  5 01:10:05 PM CST 2026] 检查完成
[Thu Mar  5 01:20:05 PM CST 2026] 检查完成
[Thu Mar  5 01:30:05 PM CST 2026] 检查完成
[Thu Mar  5 01:40:02 PM CST 2026] 检查完成
[Thu Mar  5 01:50:04 PM CST 2026] 检查完成
[Thu Mar  5 02:00:07 PM CST 2026] 检查完成
[Thu Mar  5 02:10:03 PM CST 2026] 检查完成
[Thu Mar  5 02:20:05 PM CST 2026] 检查完成
[Thu Mar  5 02:30:05 PM CST 2026] 检查完成
[Thu Mar  5 02:40:05 PM CST 2026] 检查完成
[Thu Mar  5 02:50:05 PM CST 2026] 检查完成
[Thu Mar  5 03:00:04 PM CST 2026] 检查完成
[Thu Mar  5 03:10:05 PM CST 2026] 检查完成
