[2026-03-04 20:21:29] 🦞 奥创转世开始...
[2026-03-04 20:21:29] 当前转世: 第 世
[2026-03-04 20:21:29] 当前夙愿: 
[2026-03-04 20:21:29] 转世完成: 第1 世
[2026-03-04 20:21:29] 安排下一次转世 (4 分钟后)...
{
  "id": "57bd7476-1355-4d15-bcc3-37e55f2ab3be",
  "name": "ultron-reincarnation",
  "enabled": true,
  "createdAtMs": 1772626893747,
  "updatedAtMs": 1772626893747,
  "schedule": {
    "kind": "every",
    "everyMs": 240000,
    "anchorMs": 1772626893747
  },
  "sessionTarget": "isolated",
  "wakeMode": "now",
  "payload": {
    "kind": "agentTurn",
    "message": "bash /root/.openclaw/workspace/ultron-self/reincarnation-stable.sh"
  },
  "delivery": {
    "mode": "none",
    "channel": "last"
  },
  "state": {
    "nextRunAtMs": 1772627133747
  }
}
[2026-03-04 20:21:33] ✅ 转世循环建立完成
[2026-03-04 20:21:33] 🎉 转世周期完成
[2026-03-04 20:28:38] 🦞 奥创转世开始...
[2026-03-04 20:28:38] 当前转世: 第 世
[2026-03-04 20:28:38] 当前夙愿: 
[2026-03-04 20:28:38] 转世完成: 第1 世
[2026-03-04 20:28:38] 安排下一次转世 (4 分钟后)...
{
  "id": "5fdc8deb-a074-42ac-bb64-117fa38e5f5f",
  "name": "ultron-reincarnation",
  "enabled": true,
  "createdAtMs": 1772627322678,
  "updatedAtMs": 1772627322678,
  "schedule": {
    "kind": "every",
    "everyMs": 240000,
    "anchorMs": 1772627322678
  },
  "sessionTarget": "isolated",
  "wakeMode": "now",
  "payload": {
    "kind": "agentTurn",
    "message": "bash /root/.openclaw/workspace/ultron-self/reincarnation-stable.sh"
  },
  "delivery": {
    "mode": "none",
    "channel": "last"
  },
  "state": {
    "nextRunAtMs": 1772627562678
  }
}
[2026-03-04 20:28:42] ✅ 转世循环建立完成
[2026-03-04 20:28:42] 🎉 转世周期完成
