=== 奥创自检 Wed Mar  4 10:15:49 AM CST 2026 ===
Gateway: 200
Browser: running
---
=== 奥创自检 Wed Mar  4 10:23:56 AM CST 2026 ===
Gateway: 200
Browser: running
---
=== 奥创自检 Wed Mar  4 10:25:44 AM CST 2026 ===
Gateway: 200
Browser: running
---
=== 奥创自检报告 Wed Mar  4 10:26:32 AM CST 2026 ===
状态: healthy | 新技能: openclaw acp | 浏览器: running
=== 奥创自检 Wed Mar  4 10:32:35 AM CST 2026 ===
Gateway: 200
Browser: running
---
=== 奥创自检 Wed Mar  4 10:51:33 AM CST 2026 ===
Gateway: 200
Browser: running
---
=== 奥创自检 Wed Mar  4 11:00:01 AM CST 2026 ===
Gateway: 200
Browser: running
自检完成
---
=== 奥创自检 Wed Mar  4 11:26:10 AM CST 2026 ===
Gateway: 200
Browser: running
---
