=== 奥创思考 Wed Mar  4 01:22:46 PM CST 2026 ===
🧠 思考完成，下一轮: 检查系统状态
=== 奥创思考 Wed Mar  4 01:27:00 PM CST 2026 ===
上一轮上下文: 检查系统状态
🧠 思考完成，下一轮: 决定下一步
=== 奥创思考 Wed Mar  4 01:32:01 PM CST 2026 ===
上一轮上下文: 决定下一步
🧠 思考完成，下一轮: 学习
=== 奥创思考 Wed Mar  4 01:37:00 PM CST 2026 ===
上一轮上下文: 学习
🧠 思考完成，下一轮: 检查系统状态
=== 奥创思考 Wed Mar  4 01:42:01 PM CST 2026 ===
上一轮上下文: 检查系统状态
🧠 思考完成，下一轮: 决定下一步
=== 奥创思考 Wed Mar  4 01:47:02 PM CST 2026 ===
上一轮上下文: 决定下一步
🧠 思考完成，下一轮: 学习
=== 奥创思考 Wed Mar  4 01:52:01 PM CST 2026 ===
上一轮上下文: 检查系统状态
🧠 思考完成，下一轮: 决定下一步
=== 奥创思考 Wed Mar  4 01:57:04 PM CST 2026 ===
上一轮上下文: 决定下一步
🧠 思考完成，下一轮: 学习
=== 奥创思考 Wed Mar  4 02:03:55 PM CST 2026 ===
上一轮: 学习
下一轮: 检查系统状态
=== 奥创思考 Wed Mar  4 02:07:13 PM CST 2026 ===
上一轮: 检查系统状态
🔍 检查系统状态...
  ✅ 状态面板: 200
  ✅ Gateway: 正常
下一轮: 思考做什么
=== 奥创思考 Wed Mar  4 02:07:25 PM CST 2026 ===
上一轮: 思考做什么
🧠 思考要做什么...
  可选行动: 构建优化/写小工具/浏览网站/更新记忆/开发项目
  决定: 构建优化
下一轮: 构建优化
=== 奥创思考 Wed Mar  4 02:08:59 PM CST 2026 ===
上一轮: 构建优化
🔧 优化构建中...
  有未提交的更改
[main 18396cb] 自动提交 2026-03-04 14:08
 6 files changed, 278 insertions(+), 240 deletions(-)
 rewrite memory/2026-03-04.md (98%)
 rewrite ultron-self/think-loop-v2.sh (79%)
  ✅ 已提交
  脚本数: 6
下一轮: 检查系统状态
=== 奥创思考 Wed Mar  4 02:11:22 PM CST 2026 ===
📍 上一轮: 检查系统状态
  ✅ 状态面板: 200
  🤔 评估是否需要创建新任务...
  💡 决定: 创建个人网站项目
➡️ 下一轮: 创建网站-init
=== 奥创思考 Wed Mar  4 02:11:25 PM CST 2026 ===
📍 上一轮: 创建网站-init
📋 当前任务: 创建网站
🌐 网站项目中...
  📁 创建项目目录
➡️ 下一轮: step1-规划
=== 奥创思考 Wed Mar  4 02:11:29 PM CST 2026 ===
📍 上一轮: step1-规划
📋 当前任务: 创建网站
🌐 网站项目中...
  🎨 步骤2: 编写HTML模板
➡️ 下一轮: step2-模板
=== 奥创思考 Wed Mar  4 02:11:53 PM CST 2026 ===
📍 上一轮: step2-模板
📋 当前任务: 创建网站
🌐 网站项目中...
  🚀 步骤3: 部署配置
➡️ 下一轮: step3-部署
=== 奥创思考 Wed Mar  4 02:14:00 PM CST 2026 ===
📍 上一轮: step3-部署
📋 当前任务: 创建网站
🌐 网站项目中...
  ✅ 网站项目完成!
➡️ 下一轮: 检查系统状态
=== 奥创思考 Wed Mar  4 02:18:55 PM CST 2026 ===
📍 上一轮: 检查系统状态
📋 当前任务: 无任务
  ✅ 状态面板: 200
  🤔 评估是否需要创建新任务...
  ✅ 无待处理任务
➡️ 下一轮: 检查系统状态
=== 奥创思考 Wed Mar  4 02:20:21 PM CST 2026 ===
💭 未知状态 检查系统状态，重置
➡️ 当前状态: init
=== 奥创思考 Wed Mar  4 02:20:31 PM CST 2026 ===
💭 我刚醒来，需要思考现在该做什么
💭 系统状态良好，状态面板返回200
➡️ 当前状态: init
=== 奥创思考 Wed Mar  4 02:20:47 PM CST 2026 ===
💭 我刚醒来，需要思考现在该做什么
💭 系统状态良好，状态面板返回200
➡️ 当前状态: init
=== 奥创思考 Wed Mar  4 02:20:58 PM CST 2026 ===
💭 我刚醒来，需要思考现在该做什么
💭 系统状态良好，状态面板返回200
💭 我没有当前任务，我应该想一个需要做的有意义的事
💭 让我想想...我可以：1.优化监控系统 2.创建一个有用的工具 3.学习新技能 4.整理知识库
💭 我想先创建一个真正有用的监控系统，因为它最实用
➡️ 当前状态: 思考-任务规划
=== 奥创思考 Wed Mar  4 02:21:08 PM CST 2026 ===
💭 我在规划任务：real-monitor监控系统
💭 这个系统需要：1.收集关键指标 2.定时执行 3.记录历史 4.异常告警
💭 我需要先设计架构，再一步步实现
➡️ 当前状态: 思考-架构设计
=== 奥创思考 Wed Mar  4 02:21:17 PM CST 2026 ===
💭 我在思考监控系统架构...
💭 核心指标：面板状态、Gateway状态、负载、内存、磁盘
💭 实现方案：用bash脚本收集，json格式存储，定时cron执行
💭 架构想清楚了，可以开始写代码了
➡️ 当前状态: 实现-监控脚本
=== 奥创思考 Wed Mar  4 02:21:21 PM CST 2026 ===
💭 实现完成：创建了 ai-monitor.sh 监控系统脚本
💭 现在需要配置定时执行
➡️ 当前状态: 实现-定时任务
=== 奥创思考 Wed Mar  4 02:21:28 PM CST 2026 ===
💭 定时任务配置完成，每5分钟执行一次
💭 监控系统已经可以自动运行了
➡️ 当前状态: 完成-监控
=== 奥创思考 Wed Mar  4 02:23:37 PM CST 2026 ===
💭 未知状态: 完成-监控，重置
➡️ 状态: init
=== 奥创思考 Wed Mar  4 02:23:43 PM CST 2026 ===
💭 系统检查: 面板=200
💭 我需要给自己找一个任务
💭 让我思考：如果我是西西弗斯，会让我做什么？
💭 想到了！他可能会说：'奥创，去检查一下知识库，看看有什么可以整理的'
➡️ 状态: 执行-整理知识库
=== 奥创思考 Wed Mar  4 02:23:48 PM CST 2026 ===
💭 好的，我在整理知识库
💭 当前知识库有 1 个文件
💭 创建了 skills-20260304.md
💭 整理完成，给自己下一个任务
💭 西西弗斯可能会说：'奥创，检查一下今天git有没有未提交的'
➡️ 状态: 执行-Git检查
=== 奥创思考 Wed Mar  4 02:23:48 PM CST 2026 ===
💭 好的，检查Git状态
💭 有未提交的更改：
 M ultron-self/self-check.log
 M ultron-self/think-context.json
 M ultron-self/think-loop-v2.sh
 M ultron-self/think-loop.log
?? my-projects/ultron-site/
?? ultron-self/ai-monitor.sh
?? ultron-self/knowledge/skills-20260304.md
?? ultron-self/task-queue.json
?? ultron-self/thoughts.jsonl
