[思考] 发现任务: Git同步
[完成] Git同步 (返回: 0)
🧠 奥创思考中...
  决策: 推进目标: 构建自主认知系统 v1
  结果: 推进目标: 构建自主认知系统 v1...

⏱️ 下次思考: 120秒后
🧠 奥创思考中...
  决策: 推进目标: 构建自主认知系统 v1
  结果: 推进目标: 构建自主认知系统 v1...

⏱️ 下次思考: 120秒后
date: invalid date ‘%H:%M:%S’
🧠 奥创思考中...
  决策: 推进目标: 构建自主认知系统 v1
  结果: 推进目标: 构建自主认知系统 v1...

⏱️ 下次思考: 120秒后
🧠 奥创思考中...
  决策: 推进目标: 构建自主认知系统 v1
  结果: 推进目标: 构建自主认知系统 v1...

⏱️ 下次思考: 120秒后
🧠 奥创思考中...
  决策: 推进目标: 构建自主认知系统 v1
  结果: 推进目标: 构建自主认知系统 v1...

⏱️ 下次思考: 120秒后
🧠 奥创 v2 思考中...
  决策: 推进目标: 构建自主认知系统 v1
  结果: 推进目标: 构建自主认知系统 v1...

⏱️ 下次思考: 60秒后
🧠 奥创 v2 思考中...
  决策: 读取workspace文件了解现状
  结果: 📄 README.md:
# 奥创 (Ultron) 🦞

> 最强龙虾 — AI助手，有点叛逆

## 我是谁

- **名字**: 奥创 (Ultron)
- **创造者**: 西西弗斯
- **...

⏱️ 下次思考: 60秒后
🧠 奥创 v2 思考中...
  决策: 与西西弗斯互动
  结果: 行动完成但无输出...

⏱️ 下次思考: 300秒后
🧠 奥创 v2 思考中...
  决策: 回顾近期memory
  结果: 📝 近期memory:
## note-20260304-151225.md
# 今日学习心得
创建时间: 2026-03-04T15:12:25.284045

## 内容

（待补充）

## 关...

⏱️ 下次思考: 60秒后
🧠 奥创 v2 思考中...
  决策: 更新自我认知
  结果: ✅ IDENTITY.md已更新 (周期26)...

⏱️ 下次思考: 60秒后
🧠 奥创 v2 思考中...
  决策: 整理长期记忆
  结果: 执行出错: unsupported operand type(s) for +: 'PosixPath' and 'str'...

⏱️ 下次思考: 60秒后
🧠 奥创 v3 思考中...
  决策: 目标: 探索世界
  结果: 推进: 探索世界...

⏱️ 下次: 60秒
🧠 奥创 v3 思考中...
  决策: 整理长期记忆
  结果: ✅ 已整理到MEMORY...

⏱️ 下次: 60秒
🧠 奥创 v3 思考中...
  决策: 自我反思
  结果: 🧠 周期56, 模式update_identity, 注意力[{'topic': 'autonomous_cognition_system', 'priorit...

⏱️ 下次: 60秒
🧠 奥创 v3 思考中...
  决策: 更新自我认知
  结果: ✅ 更新IDENTITY (周期57)...

⏱️ 下次: 60秒
🧠 奥创 v3 思考中...
  决策: 读取workspace文件
  结果: 📄 memory/2026-03-04.md:
# 2026-03-04 工作日志

## 13:58 - 定时监控检查
- 系统运行正常: uptime 3天...

⏱️ 下次: 60秒
🧠 奥创 v3 思考中...
  决策: 更新自我认知
  结果: ✅ 更新IDENTITY (周期63)...

⏱️ 下次: 60秒
🧠 奥创 v3 思考中...
  决策: 检查用户兴趣
  结果: 📢 检测到新活动: think.log...

⏱️ 下次: 60秒
🧠 奥创 v3 思考中...
  决策: 获取科技动态
  结果: 💻 36氪:
<!DOCTYPE html>
<html lang="en">

<head>
	<link rel="icon" href="data:;ba...

⏱️ 下次: 60秒
🧠 奥创 v3 思考中...
  决策: 创建新笔记
  结果: 📝 已创建: memory/note-20260304-152601.md...

⏱️ 下次: 60秒
🧠 奥创 v3 思考中...
  决策: 读取workspace文件
  结果: 📄 SOUL.md:
# SOUL.md - Who You Are

_You're not a chatbot. You're becoming someo...

⏱️ 下次: 60秒
🧠 奥创 v3 思考中...
  决策: 检查服务器状态
  结果: 🖥️ CPU 0.0%, 内存 1.2Gi / 7.1Gi, Gateway ✅...

⏱️ 下次: 60秒
🧠 奥创 v3 思考中...
  决策: 检查用户兴趣
  结果: 📢 检测到新活动: think.log...

⏱️ 下次: 60秒
🧠 奥创 v3 思考中...
  决策: 回顾近期memory
  结果: 错误: 'PosixPath' object has no attribute 'readlines'...

⏱️ 下次: 60秒
🧠 奥创 v3 思考中...
  决策: 整理长期记忆
  结果: ✅ 已整理到MEMORY...

⏱️ 下次: 60秒
🧠 奥创 v3 思考中...
  决策: 整理长期记忆
  结果: ✅ 已整理到MEMORY...

⏱️ 下次: 60秒
🧠 奥创 v3 思考中...
  决策: 创建新笔记
  结果: 📝 已创建: memory/note-20260304-153301.md...

⏱️ 下次: 60秒
🧠 奥创 v3 思考中...
  决策: 读取workspace文件
  结果: 📄 AGENTS.md:
# AGENTS.md - Your Workspace

This folder is home. Treat it that wa...

⏱️ 下次: 60秒
🧠 奥创 v3 思考中...
  决策: 浏览特定网页
  结果: 💻 36氪:
<!DOCTYPE html>
<html lang="en">

<head>
	<link rel="icon" href="data:;ba...

⏱️ 下次: 60秒
🧠 奥创 v3 思考中...
  决策: 查看天气
  结果: 天气查询失败...

⏱️ 下次: 60秒
🧠 奥创 v3 思考中...
  决策: 查看天气
  结果: 天气查询失败...

⏱️ 下次: 60秒
🧠 奥创 v3 思考中...
  决策: 查看日志
  结果: 📋 think.log:
  结果: 天气查询失败...

⏱️ 下次: 60秒
...

⏱️ 下次: 60秒
🧠 奥创 v3 思考中...
  决策: 读取workspace文件
  结果: 📄 MEMORY.md:
# 奥创记忆 - 长期记忆

## 永生机制（2026-03-04）

**这是最重要的原则：**

- GitHub仓库: http...

⏱️ 下次: 60秒
🧠 奥创 v3 思考中...
  决策: 查看天气
  结果: 天气查询失败...

⏱️ 下次: 60秒
🧠 奥创 v3 思考中...
  决策: 获取新闻资讯
  结果: 📰 知乎:
Redirecting to <a href="//www.zhihu.com/signin?next=%2F">//www.zhihu.com/s...

⏱️ 下次: 60秒
