[2026-03-05 21:21:23] 🦞 奥创自动修复开始
[2026-03-05 21:21:23] ========== 开始系统检查 ==========
[2026-03-05 21:21:23] ✅ 磁盘使用率正常: 30%
[2026-03-05 21:21:23] ✅ 内存使用正常: 19%
[2026-03-05 21:21:23] ✅ OpenClaw Gateway 运行正常
[2026-03-05 21:21:23] ✅ Nginx 运行正常
[2026-03-05 21:21:23] ✅ Gateway端口正常
[2026-03-05 21:21:23] ✅ 无僵死进程
[2026-03-05 21:21:23] 📁 日志目录大小: 1.5M
[2026-03-05 21:21:23] ========== 检查完成 ==========
[2026-03-05 21:21:23] 🦞 自动修复完成: 修复 0 项, 问题 0 项
[2026-03-05 21:22:00] 🦞 奥创自动修复开始
[2026-03-05 21:22:00] ========== 开始系统检查 ==========
[2026-03-05 21:22:00] ✅ 磁盘使用率正常: 30%
[2026-03-05 21:22:00] ✅ 内存使用正常: 18%
[2026-03-05 21:22:00] ✅ OpenClaw Gateway 运行正常
[2026-03-05 21:22:00] ✅ Nginx 运行正常
[2026-03-05 21:22:00] ✅ Gateway端口正常
[2026-03-05 21:22:00] ✅ 无僵死进程
[2026-03-05 21:22:00] 📁 日志目录大小: 1.5M
[2026-03-05 21:22:00] ========== 检查完成 ==========
[2026-03-05 21:22:00] 🦞 自动修复完成: 修复 0 项, 问题 0 项
