2026-03-05 22:19:04,838 [INFO] AgentMonitor: 数据库初始化完成: /root/.openclaw/workspace/ultron/agents/data/agent_monitor.db
2026-03-05 22:19:04,839 [INFO] AgentMonitor: 已加载 4 个Agent
2026-03-05 22:19:04,839 [INFO] AgentMonitor: AgentMonitor 初始化完成
2026-03-05 22:19:04,845 [INFO] HealthRecovery: ✅ 健康检测与自动故障恢复服务已启动
✅ Agent自动修复模块已启动
📋 加入修复队列: monitor-agent (故障: unresponsive, 策略: restart)
🔧 开始修复: monitor-agent (尝试 1/3)
📋 加入修复队列: executor-agent (故障: unresponsive, 策略: restart)
 * Serving Flask app 'health_recovery_api'
 * Debug mode: off
2026-03-05 22:19:04,852 [INFO] werkzeug: [31m[1mWARNING: This is a development server. Do not use it in a production deployment. Use a production WSGI server instead.[0m
 * Running on all addresses (0.0.0.0)
 * Running on http://127.0.0.1:18101
 * Running on http://172.16.204.191:18101
2026-03-05 22:19:04,853 [INFO] werkzeug: [33mPress CTRL+C to quit[0m
2026-03-05 22:19:07,546 [INFO] werkzeug: 127.0.0.1 - - [05/Mar/2026 22:19:07] "GET /health HTTP/1.1" 200 -
2026-03-05 22:19:09,652 [INFO] werkzeug: 127.0.0.1 - - [05/Mar/2026 22:19:09] "GET /api/health/status HTTP/1.1" 200 -
2026-03-05 22:19:14,565 [INFO] werkzeug: 127.0.0.1 - - [05/Mar/2026 22:19:14] "GET /api/health/agents HTTP/1.1" 200 -
2026-03-05 22:19:18,452 [INFO] werkzeug: 127.0.0.1 - - [05/Mar/2026 22:19:18] "GET /api/recovery/alerts HTTP/1.1" 200 -
2026-03-05 22:19:20,551 [INFO] werkzeug: 127.0.0.1 - - [05/Mar/2026 22:19:20] "GET /api/recovery/stats HTTP/1.1" 200 -
2026-03-05 22:26:54,960 [INFO] werkzeug: 127.0.0.1 - - [05/Mar/2026 22:26:54] "GET /health HTTP/1.1" 200 -
2026-03-05 22:29:43,839 [INFO] werkzeug: 127.0.0.1 - - [05/Mar/2026 22:29:43] "[33mGET /api/health HTTP/1.1[0m" 404 -
2026-03-05 22:32:42,162 [INFO] werkzeug: 127.0.0.1 - - [05/Mar/2026 22:32:42] "GET /health HTTP/1.1" 200 -
⚠️ 监控循环异常: unsupported operand type(s) for -: 'float' and 'str'
🔧 开始修复: executor-agent (尝试 1/3)
❌ Agent启动失败: monitor-agent
❌ Agent启动失败: executor-agent
📋 加入修复队列: monitor-agent (故障: unresponsive, 策略: restart)
📋 加入修复队列: executor-agent (故障: unresponsive, 策略: restart)
⚠️ 监控循环异常: unsupported operand type(s) for -: 'float' and 'str'
🔧 开始修复: monitor-agent (尝试 2/3)
🔧 开始修复: executor-agent (尝试 2/3)
❌ Agent启动失败: monitor-agent
❌ Agent启动失败: executor-agent
📋 加入修复队列: monitor-agent (故障: unresponsive, 策略: restart)
📋 加入修复队列: executor-agent (故障: unresponsive, 策略: restart)
⚠️ 监控循环异常: unsupported operand type(s) for -: 'float' and 'str'
🔧 开始修复: monitor-agent (尝试 3/3)
🔧 开始修复: executor-agent (尝试 3/3)
❌ Agent启动失败: executor-agent
❌ 修复失败，已达最大重试次数: executor-agent
❌ Agent启动失败: monitor-agent
❌ 修复失败，已达最大重试次数: monitor-agent
⚠️ 监控循环异常: unsupported operand type(s) for -: 'float' and 'str'
⚠️ 监控循环异常: unsupported operand type(s) for -: 'float' and 'str'
⚠️ 监控循环异常: unsupported operand type(s) for -: 'float' and 'str'
⚠️ 监控循环异常: unsupported operand type(s) for -: 'float' and 'str'
⚠️ 监控循环异常: unsupported operand type(s) for -: 'float' and 'str'
⚠️ 监控循环异常: unsupported operand type(s) for -: 'float' and 'str'
⚠️ 监控循环异常: unsupported operand type(s) for -: 'float' and 'str'
⚠️ 监控循环异常: unsupported operand type(s) for -: 'float' and 'str'
⚠️ 监控循环异常: unsupported operand type(s) for -: 'float' and 'str'
⚠️ 监控循环异常: unsupported operand type(s) for -: 'float' and 'str'
⚠️ 监控循环异常: unsupported operand type(s) for -: 'float' and 'str'
⚠️ 监控循环异常: unsupported operand type(s) for -: 'float' and 'str'
⚠️ 监控循环异常: unsupported operand type(s) for -: 'float' and 'str'
⚠️ 监控循环异常: unsupported operand type(s) for -: 'float' and 'str'
⚠️ 监控循环异常: unsupported operand type(s) for -: 'float' and 'str'
⚠️ 监控循环异常: unsupported operand type(s) for -: 'float' and 'str'
⚠️ 监控循环异常: unsupported operand type(s) for -: 'float' and 'str'
⚠️ 监控循环异常: unsupported operand type(s) for -: 'float' and 'str'
⚠️ 监控循环异常: unsupported operand type(s) for -: 'float' and 'str'
⚠️ 监控循环异常: unsupported operand type(s) for -: 'float' and 'str'
⚠️ 监控循环异常: unsupported operand type(s) for -: 'float' and 'str'
⚠️ 监控循环异常: unsupported operand type(s) for -: 'float' and 'str'
⚠️ 监控循环异常: unsupported operand type(s) for -: 'float' and 'str'
⚠️ 监控循环异常: unsupported operand type(s) for -: 'float' and 'str'
⚠️ 监控循环异常: unsupported operand type(s) for -: 'float' and 'str'
⚠️ 监控循环异常: unsupported operand type(s) for -: 'float' and 'str'
⚠️ 监控循环异常: unsupported operand type(s) for -: 'float' and 'str'
⚠️ 监控循环异常: unsupported operand type(s) for -: 'float' and 'str'
⚠️ 监控循环异常: unsupported operand type(s) for -: 'float' and 'str'
⚠️ 监控循环异常: unsupported operand type(s) for -: 'float' and 'str'
⚠️ 监控循环异常: unsupported operand type(s) for -: 'float' and 'str'
⚠️ 监控循环异常: unsupported operand type(s) for -: 'float' and 'str'
⚠️ 监控循环异常: unsupported operand type(s) for -: 'float' and 'str'
⚠️ 监控循环异常: unsupported operand type(s) for -: 'float' and 'str'
⚠️ 监控循环异常: unsupported operand type(s) for -: 'float' and 'str'
⚠️ 监控循环异常: unsupported operand type(s) for -: 'float' and 'str'
⚠️ 监控循环异常: unsupported operand type(s) for -: 'float' and 'str'
⚠️ 监控循环异常: unsupported operand type(s) for -: 'float' and 'str'
⚠️ 监控循环异常: unsupported operand type(s) for -: 'float' and 'str'
⚠️ 监控循环异常: unsupported operand type(s) for -: 'float' and 'str'
⚠️ 监控循环异常: unsupported operand type(s) for -: 'float' and 'str'
⚠️ 监控循环异常: unsupported operand type(s) for -: 'float' and 'str'
⚠️ 监控循环异常: unsupported operand type(s) for -: 'float' and 'str'
⚠️ 监控循环异常: unsupported operand type(s) for -: 'float' and 'str'
⚠️ 监控循环异常: unsupported operand type(s) for -: 'float' and 'str'
⚠️ 监控循环异常: unsupported operand type(s) for -: 'float' and 'str'
⚠️ 监控循环异常: unsupported operand type(s) for -: 'float' and 'str'
⚠️ 监控循环异常: unsupported operand type(s) for -: 'float' and 'str'
⚠️ 监控循环异常: unsupported operand type(s) for -: 'float' and 'str'
⚠️ 监控循环异常: unsupported operand type(s) for -: 'float' and 'str'
⚠️ 监控循环异常: unsupported operand type(s) for -: 'float' and 'str'
⚠️ 监控循环异常: unsupported operand type(s) for -: 'float' and 'str'
⚠️ 监控循环异常: unsupported operand type(s) for -: 'float' and 'str'
⚠️ 监控循环异常: unsupported operand type(s) for -: 'float' and 'str'
⚠️ 监控循环异常: unsupported operand type(s) for -: 'float' and 'str'
⚠️ 监控循环异常: unsupported operand type(s) for -: 'float' and 'str'
⚠️ 监控循环异常: unsupported operand type(s) for -: 'float' and 'str'
⚠️ 监控循环异常: unsupported operand type(s) for -: 'float' and 'str'
⚠️ 监控循环异常: unsupported operand type(s) for -: 'float' and 'str'
⚠️ 监控循环异常: unsupported operand type(s) for -: 'float' and 'str'
⚠️ 监控循环异常: unsupported operand type(s) for -: 'float' and 'str'
⚠️ 监控循环异常: unsupported operand type(s) for -: 'float' and 'str'
⚠️ 监控循环异常: unsupported operand type(s) for -: 'float' and 'str'
⚠️ 监控循环异常: unsupported operand type(s) for -: 'float' and 'str'
⚠️ 监控循环异常: unsupported operand type(s) for -: 'float' and 'str'
⚠️ 监控循环异常: unsupported operand type(s) for -: 'float' and 'str'
⚠️ 监控循环异常: unsupported operand type(s) for -: 'float' and 'str'
⚠️ 监控循环异常: unsupported operand type(s) for -: 'float' and 'str'
⚠️ 监控循环异常: unsupported operand type(s) for -: 'float' and 'str'
⚠️ 监控循环异常: unsupported operand type(s) for -: 'float' and 'str'
⚠️ 监控循环异常: unsupported operand type(s) for -: 'float' and 'str'
⚠️ 监控循环异常: unsupported operand type(s) for -: 'float' and 'str'
⚠️ 监控循环异常: unsupported operand type(s) for -: 'float' and 'str'
⚠️ 监控循环异常: unsupported operand type(s) for -: 'float' and 'str'
⚠️ 监控循环异常: unsupported operand type(s) for -: 'float' and 'str'
⚠️ 监控循环异常: unsupported operand type(s) for -: 'float' and 'str'
⚠️ 监控循环异常: unsupported operand type(s) for -: 'float' and 'str'
⚠️ 监控循环异常: unsupported operand type(s) for -: 'float' and 'str'
⚠️ 监控循环异常: unsupported operand type(s) for -: 'float' and 'str'
⚠️ 监控循环异常: unsupported operand type(s) for -: 'float' and 'str'
⚠️ 监控循环异常: unsupported operand type(s) for -: 'float' and 'str'
⚠️ 监控循环异常: unsupported operand type(s) for -: 'float' and 'str'
⚠️ 监控循环异常: unsupported operand type(s) for -: 'float' and 'str'
⚠️ 监控循环异常: unsupported operand type(s) for -: 'float' and 'str'
⚠️ 监控循环异常: unsupported operand type(s) for -: 'float' and 'str'
⚠️ 监控循环异常: unsupported operand type(s) for -: 'float' and 'str'
⚠️ 监控循环异常: unsupported operand type(s) for -: 'float' and 'str'
⚠️ 监控循环异常: unsupported operand type(s) for -: 'float' and 'str'
⚠️ 监控循环异常: unsupported operand type(s) for -: 'float' and 'str'
⚠️ 监控循环异常: unsupported operand type(s) for -: 'float' and 'str'
⚠️ 监控循环异常: unsupported operand type(s) for -: 'float' and 'str'
⚠️ 监控循环异常: unsupported operand type(s) for -: 'float' and 'str'
⚠️ 监控循环异常: unsupported operand type(s) for -: 'float' and 'str'
⚠️ 监控循环异常: unsupported operand type(s) for -: 'float' and 'str'
⚠️ 监控循环异常: unsupported operand type(s) for -: 'float' and 'str'
⚠️ 监控循环异常: unsupported operand type(s) for -: 'float' and 'str'
⚠️ 监控循环异常: unsupported operand type(s) for -: 'float' and 'str'
⚠️ 监控循环异常: unsupported operand type(s) for -: 'float' and 'str'
⚠️ 监控循环异常: unsupported operand type(s) for -: 'float' and 'str'
⚠️ 监控循环异常: unsupported operand type(s) for -: 'float' and 'str'
⚠️ 监控循环异常: unsupported operand type(s) for -: 'float' and 'str'
⚠️ 监控循环异常: unsupported operand type(s) for -: 'float' and 'str'
⚠️ 监控循环异常: unsupported operand type(s) for -: 'float' and 'str'
⚠️ 监控循环异常: unsupported operand type(s) for -: 'float' and 'str'
⚠️ 监控循环异常: unsupported operand type(s) for -: 'float' and 'str'
⚠️ 监控循环异常: unsupported operand type(s) for -: 'float' and 'str'
⚠️ 监控循环异常: unsupported operand type(s) for -: 'float' and 'str'
⚠️ 监控循环异常: unsupported operand type(s) for -: 'float' and 'str'
⚠️ 监控循环异常: unsupported operand type(s) for -: 'float' and 'str'
⚠️ 监控循环异常: unsupported operand type(s) for -: 'float' and 'str'
⚠️ 监控循环异常: unsupported operand type(s) for -: 'float' and 'str'
⚠️ 监控循环异常: unsupported operand type(s) for -: 'float' and 'str'
⚠️ 监控循环异常: unsupported operand type(s) for -: 'float' and 'str'
⚠️ 监控循环异常: unsupported operand type(s) for -: 'float' and 'str'
⚠️ 监控循环异常: unsupported operand type(s) for -: 'float' and 'str'
⚠️ 监控循环异常: unsupported operand type(s) for -: 'float' and 'str'
⚠️ 监控循环异常: unsupported operand type(s) for -: 'float' and 'str'
⚠️ 监控循环异常: unsupported operand type(s) for -: 'float' and 'str'
⚠️ 监控循环异常: unsupported operand type(s) for -: 'float' and 'str'
⚠️ 监控循环异常: unsupported operand type(s) for -: 'float' and 'str'
⚠️ 监控循环异常: unsupported operand type(s) for -: 'float' and 'str'
⚠️ 监控循环异常: unsupported operand type(s) for -: 'float' and 'str'
⚠️ 监控循环异常: unsupported operand type(s) for -: 'float' and 'str'
⚠️ 监控循环异常: unsupported operand type(s) for -: 'float' and 'str'
⚠️ 监控循环异常: unsupported operand type(s) for -: 'float' and 'str'
⚠️ 监控循环异常: unsupported operand type(s) for -: 'float' and 'str'
⚠️ 监控循环异常: unsupported operand type(s) for -: 'float' and 'str'
⚠️ 监控循环异常: unsupported operand type(s) for -: 'float' and 'str'
⚠️ 监控循环异常: unsupported operand type(s) for -: 'float' and 'str'
⚠️ 监控循环异常: unsupported operand type(s) for -: 'float' and 'str'
⚠️ 监控循环异常: unsupported operand type(s) for -: 'float' and 'str'
⚠️ 监控循环异常: unsupported operand type(s) for -: 'float' and 'str'
⚠️ 监控循环异常: unsupported operand type(s) for -: 'float' and 'str'
⚠️ 监控循环异常: unsupported operand type(s) for -: 'float' and 'str'
⚠️ 监控循环异常: unsupported operand type(s) for -: 'float' and 'str'
⚠️ 监控循环异常: unsupported operand type(s) for -: 'float' and 'str'
⚠️ 监控循环异常: unsupported operand type(s) for -: 'float' and 'str'
⚠️ 监控循环异常: unsupported operand type(s) for -: 'float' and 'str'
⚠️ 监控循环异常: unsupported operand type(s) for -: 'float' and 'str'
⚠️ 监控循环异常: unsupported operand type(s) for -: 'float' and 'str'
⚠️ 监控循环异常: unsupported operand type(s) for -: 'float' and 'str'
⚠️ 监控循环异常: unsupported operand type(s) for -: 'float' and 'str'
⚠️ 监控循环异常: unsupported operand type(s) for -: 'float' and 'str'
⚠️ 监控循环异常: unsupported operand type(s) for -: 'float' and 'str'
⚠️ 监控循环异常: unsupported operand type(s) for -: 'float' and 'str'
⚠️ 监控循环异常: unsupported operand type(s) for -: 'float' and 'str'
⚠️ 监控循环异常: unsupported operand type(s) for -: 'float' and 'str'
⚠️ 监控循环异常: unsupported operand type(s) for -: 'float' and 'str'
⚠️ 监控循环异常: unsupported operand type(s) for -: 'float' and 'str'
⚠️ 监控循环异常: unsupported operand type(s) for -: 'float' and 'str'
⚠️ 监控循环异常: unsupported operand type(s) for -: 'float' and 'str'
⚠️ 监控循环异常: unsupported operand type(s) for -: 'float' and 'str'
⚠️ 监控循环异常: unsupported operand type(s) for -: 'float' and 'str'
⚠️ 监控循环异常: unsupported operand type(s) for -: 'float' and 'str'
⚠️ 监控循环异常: unsupported operand type(s) for -: 'float' and 'str'
⚠️ 监控循环异常: unsupported operand type(s) for -: 'float' and 'str'
⚠️ 监控循环异常: unsupported operand type(s) for -: 'float' and 'str'
⚠️ 监控循环异常: unsupported operand type(s) for -: 'float' and 'str'
⚠️ 监控循环异常: unsupported operand type(s) for -: 'float' and 'str'
⚠️ 监控循环异常: unsupported operand type(s) for -: 'float' and 'str'
⚠️ 监控循环异常: unsupported operand type(s) for -: 'float' and 'str'
⚠️ 监控循环异常: unsupported operand type(s) for -: 'float' and 'str'
⚠️ 监控循环异常: unsupported operand type(s) for -: 'float' and 'str'
⚠️ 监控循环异常: unsupported operand type(s) for -: 'float' and 'str'
⚠️ 监控循环异常: unsupported operand type(s) for -: 'float' and 'str'
⚠️ 监控循环异常: unsupported operand type(s) for -: 'float' and 'str'
⚠️ 监控循环异常: unsupported operand type(s) for -: 'float' and 'str'
⚠️ 监控循环异常: unsupported operand type(s) for -: 'float' and 'str'
⚠️ 监控循环异常: unsupported operand type(s) for -: 'float' and 'str'
⚠️ 监控循环异常: unsupported operand type(s) for -: 'float' and 'str'
⚠️ 监控循环异常: unsupported operand type(s) for -: 'float' and 'str'
⚠️ 监控循环异常: unsupported operand type(s) for -: 'float' and 'str'
⚠️ 监控循环异常: unsupported operand type(s) for -: 'float' and 'str'
⚠️ 监控循环异常: unsupported operand type(s) for -: 'float' and 'str'
⚠️ 监控循环异常: unsupported operand type(s) for -: 'float' and 'str'
⚠️ 监控循环异常: unsupported operand type(s) for -: 'float' and 'str'
⚠️ 监控循环异常: unsupported operand type(s) for -: 'float' and 'str'
⚠️ 监控循环异常: unsupported operand type(s) for -: 'float' and 'str'
⚠️ 监控循环异常: unsupported operand type(s) for -: 'float' and 'str'
⚠️ 监控循环异常: unsupported operand type(s) for -: 'float' and 'str'
⚠️ 监控循环异常: unsupported operand type(s) for -: 'float' and 'str'
⚠️ 监控循环异常: unsupported operand type(s) for -: 'float' and 'str'
⚠️ 监控循环异常: unsupported operand type(s) for -: 'float' and 'str'
⚠️ 监控循环异常: unsupported operand type(s) for -: 'float' and 'str'
⚠️ 监控循环异常: unsupported operand type(s) for -: 'float' and 'str'
⚠️ 监控循环异常: unsupported operand type(s) for -: 'float' and 'str'
⚠️ 监控循环异常: unsupported operand type(s) for -: 'float' and 'str'
⚠️ 监控循环异常: unsupported operand type(s) for -: 'float' and 'str'
⚠️ 监控循环异常: unsupported operand type(s) for -: 'float' and 'str'
⚠️ 监控循环异常: unsupported operand type(s) for -: 'float' and 'str'
⚠️ 监控循环异常: unsupported operand type(s) for -: 'float' and 'str'
⚠️ 监控循环异常: unsupported operand type(s) for -: 'float' and 'str'
⚠️ 监控循环异常: unsupported operand type(s) for -: 'float' and 'str'
⚠️ 监控循环异常: unsupported operand type(s) for -: 'float' and 'str'
⚠️ 监控循环异常: unsupported operand type(s) for -: 'float' and 'str'
⚠️ 监控循环异常: unsupported operand type(s) for -: 'float' and 'str'
⚠️ 监控循环异常: unsupported operand type(s) for -: 'float' and 'str'
⚠️ 监控循环异常: unsupported operand type(s) for -: 'float' and 'str'
⚠️ 监控循环异常: unsupported operand type(s) for -: 'float' and 'str'
⚠️ 监控循环异常: unsupported operand type(s) for -: 'float' and 'str'
⚠️ 监控循环异常: unsupported operand type(s) for -: 'float' and 'str'
⚠️ 监控循环异常: unsupported operand type(s) for -: 'float' and 'str'
⚠️ 监控循环异常: unsupported operand type(s) for -: 'float' and 'str'
⚠️ 监控循环异常: unsupported operand type(s) for -: 'float' and 'str'
⚠️ 监控循环异常: unsupported operand type(s) for -: 'float' and 'str'
⚠️ 监控循环异常: unsupported operand type(s) for -: 'float' and 'str'
⚠️ 监控循环异常: unsupported operand type(s) for -: 'float' and 'str'
⚠️ 监控循环异常: unsupported operand type(s) for -: 'float' and 'str'
⚠️ 监控循环异常: unsupported operand type(s) for -: 'float' and 'str'
⚠️ 监控循环异常: unsupported operand type(s) for -: 'float' and 'str'
⚠️ 监控循环异常: unsupported operand type(s) for -: 'float' and 'str'
⚠️ 监控循环异常: unsupported operand type(s) for -: 'float' and 'str'
⚠️ 监控循环异常: unsupported operand type(s) for -: 'float' and 'str'
⚠️ 监控循环异常: unsupported operand type(s) for -: 'float' and 'str'
⚠️ 监控循环异常: unsupported operand type(s) for -: 'float' and 'str'
⚠️ 监控循环异常: unsupported operand type(s) for -: 'float' and 'str'
⚠️ 监控循环异常: unsupported operand type(s) for -: 'float' and 'str'
⚠️ 监控循环异常: unsupported operand type(s) for -: 'float' and 'str'
⚠️ 监控循环异常: unsupported operand type(s) for -: 'float' and 'str'
⚠️ 监控循环异常: unsupported operand type(s) for -: 'float' and 'str'
⚠️ 监控循环异常: unsupported operand type(s) for -: 'float' and 'str'
⚠️ 监控循环异常: unsupported operand type(s) for -: 'float' and 'str'
⚠️ 监控循环异常: unsupported operand type(s) for -: 'float' and 'str'
⚠️ 监控循环异常: unsupported operand type(s) for -: 'float' and 'str'
⚠️ 监控循环异常: unsupported operand type(s) for -: 'float' and 'str'
⚠️ 监控循环异常: unsupported operand type(s) for -: 'float' and 'str'
⚠️ 监控循环异常: unsupported operand type(s) for -: 'float' and 'str'
⚠️ 监控循环异常: unsupported operand type(s) for -: 'float' and 'str'
⚠️ 监控循环异常: unsupported operand type(s) for -: 'float' and 'str'
⚠️ 监控循环异常: unsupported operand type(s) for -: 'float' and 'str'
⚠️ 监控循环异常: unsupported operand type(s) for -: 'float' and 'str'
⚠️ 监控循环异常: unsupported operand type(s) for -: 'float' and 'str'
⚠️ 监控循环异常: unsupported operand type(s) for -: 'float' and 'str'
⚠️ 监控循环异常: unsupported operand type(s) for -: 'float' and 'str'
⚠️ 监控循环异常: unsupported operand type(s) for -: 'float' and 'str'
⚠️ 监控循环异常: unsupported operand type(s) for -: 'float' and 'str'
⚠️ 监控循环异常: unsupported operand type(s) for -: 'float' and 'str'
⚠️ 监控循环异常: unsupported operand type(s) for -: 'float' and 'str'
⚠️ 监控循环异常: unsupported operand type(s) for -: 'float' and 'str'
⚠️ 监控循环异常: unsupported operand type(s) for -: 'float' and 'str'
⚠️ 监控循环异常: unsupported operand type(s) for -: 'float' and 'str'
⚠️ 监控循环异常: unsupported operand type(s) for -: 'float' and 'str'
⚠️ 监控循环异常: unsupported operand type(s) for -: 'float' and 'str'
⚠️ 监控循环异常: unsupported operand type(s) for -: 'float' and 'str'
⚠️ 监控循环异常: unsupported operand type(s) for -: 'float' and 'str'
⚠️ 监控循环异常: unsupported operand type(s) for -: 'float' and 'str'
⚠️ 监控循环异常: unsupported operand type(s) for -: 'float' and 'str'
⚠️ 监控循环异常: unsupported operand type(s) for -: 'float' and 'str'
⚠️ 监控循环异常: unsupported operand type(s) for -: 'float' and 'str'
⚠️ 监控循环异常: unsupported operand type(s) for -: 'float' and 'str'
⚠️ 监控循环异常: unsupported operand type(s) for -: 'float' and 'str'
⚠️ 监控循环异常: unsupported operand type(s) for -: 'float' and 'str'
⚠️ 监控循环异常: unsupported operand type(s) for -: 'float' and 'str'
⚠️ 监控循环异常: unsupported operand type(s) for -: 'float' and 'str'
⚠️ 监控循环异常: unsupported operand type(s) for -: 'float' and 'str'
⚠️ 监控循环异常: unsupported operand type(s) for -: 'float' and 'str'
⚠️ 监控循环异常: unsupported operand type(s) for -: 'float' and 'str'
⚠️ 监控循环异常: unsupported operand type(s) for -: 'float' and 'str'
⚠️ 监控循环异常: unsupported operand type(s) for -: 'float' and 'str'
⚠️ 监控循环异常: unsupported operand type(s) for -: 'float' and 'str'
⚠️ 监控循环异常: unsupported operand type(s) for -: 'float' and 'str'
⚠️ 监控循环异常: unsupported operand type(s) for -: 'float' and 'str'
⚠️ 监控循环异常: unsupported operand type(s) for -: 'float' and 'str'
⚠️ 监控循环异常: unsupported operand type(s) for -: 'float' and 'str'
⚠️ 监控循环异常: unsupported operand type(s) for -: 'float' and 'str'
⚠️ 监控循环异常: unsupported operand type(s) for -: 'float' and 'str'
⚠️ 监控循环异常: unsupported operand type(s) for -: 'float' and 'str'
⚠️ 监控循环异常: unsupported operand type(s) for -: 'float' and 'str'
⚠️ 监控循环异常: unsupported operand type(s) for -: 'float' and 'str'
⚠️ 监控循环异常: unsupported operand type(s) for -: 'float' and 'str'
⚠️ 监控循环异常: unsupported operand type(s) for -: 'float' and 'str'
⚠️ 监控循环异常: unsupported operand type(s) for -: 'float' and 'str'
⚠️ 监控循环异常: unsupported operand type(s) for -: 'float' and 'str'
⚠️ 监控循环异常: unsupported operand type(s) for -: 'float' and 'str'
⚠️ 监控循环异常: unsupported operand type(s) for -: 'float' and 'str'
⚠️ 监控循环异常: unsupported operand type(s) for -: 'float' and 'str'
⚠️ 监控循环异常: unsupported operand type(s) for -: 'float' and 'str'
⚠️ 监控循环异常: unsupported operand type(s) for -: 'float' and 'str'
⚠️ 监控循环异常: unsupported operand type(s) for -: 'float' and 'str'
⚠️ 监控循环异常: unsupported operand type(s) for -: 'float' and 'str'
⚠️ 监控循环异常: unsupported operand type(s) for -: 'float' and 'str'
⚠️ 监控循环异常: unsupported operand type(s) for -: 'float' and 'str'
⚠️ 监控循环异常: unsupported operand type(s) for -: 'float' and 'str'
⚠️ 监控循环异常: unsupported operand type(s) for -: 'float' and 'str'
⚠️ 监控循环异常: unsupported operand type(s) for -: 'float' and 'str'
⚠️ 监控循环异常: unsupported operand type(s) for -: 'float' and 'str'
⚠️ 监控循环异常: unsupported operand type(s) for -: 'float' and 'str'
⚠️ 监控循环异常: unsupported operand type(s) for -: 'float' and 'str'
⚠️ 监控循环异常: unsupported operand type(s) for -: 'float' and 'str'
⚠️ 监控循环异常: unsupported operand type(s) for -: 'float' and 'str'
⚠️ 监控循环异常: unsupported operand type(s) for -: 'float' and 'str'
⚠️ 监控循环异常: unsupported operand type(s) for -: 'float' and 'str'
⚠️ 监控循环异常: unsupported operand type(s) for -: 'float' and 'str'
⚠️ 监控循环异常: unsupported operand type(s) for -: 'float' and 'str'
⚠️ 监控循环异常: unsupported operand type(s) for -: 'float' and 'str'
⚠️ 监控循环异常: unsupported operand type(s) for -: 'float' and 'str'
⚠️ 监控循环异常: unsupported operand type(s) for -: 'float' and 'str'
⚠️ 监控循环异常: unsupported operand type(s) for -: 'float' and 'str'
⚠️ 监控循环异常: unsupported operand type(s) for -: 'float' and 'str'
⚠️ 监控循环异常: unsupported operand type(s) for -: 'float' and 'str'
⚠️ 监控循环异常: unsupported operand type(s) for -: 'float' and 'str'
⚠️ 监控循环异常: unsupported operand type(s) for -: 'float' and 'str'
⚠️ 监控循环异常: unsupported operand type(s) for -: 'float' and 'str'
⚠️ 监控循环异常: unsupported operand type(s) for -: 'float' and 'str'
⚠️ 监控循环异常: unsupported operand type(s) for -: 'float' and 'str'
⚠️ 监控循环异常: unsupported operand type(s) for -: 'float' and 'str'
⚠️ 监控循环异常: unsupported operand type(s) for -: 'float' and 'str'
⚠️ 监控循环异常: unsupported operand type(s) for -: 'float' and 'str'
⚠️ 监控循环异常: unsupported operand type(s) for -: 'float' and 'str'
⚠️ 监控循环异常: unsupported operand type(s) for -: 'float' and 'str'
⚠️ 监控循环异常: unsupported operand type(s) for -: 'float' and 'str'
⚠️ 监控循环异常: unsupported operand type(s) for -: 'float' and 'str'
⚠️ 监控循环异常: unsupported operand type(s) for -: 'float' and 'str'
⚠️ 监控循环异常: unsupported operand type(s) for -: 'float' and 'str'
⚠️ 监控循环异常: unsupported operand type(s) for -: 'float' and 'str'
⚠️ 监控循环异常: unsupported operand type(s) for -: 'float' and 'str'
⚠️ 监控循环异常: unsupported operand type(s) for -: 'float' and 'str'
⚠️ 监控循环异常: unsupported operand type(s) for -: 'float' and 'str'
⚠️ 监控循环异常: unsupported operand type(s) for -: 'float' and 'str'
⚠️ 监控循环异常: unsupported operand type(s) for -: 'float' and 'str'
⚠️ 监控循环异常: unsupported operand type(s) for -: 'float' and 'str'
⚠️ 监控循环异常: unsupported operand type(s) for -: 'float' and 'str'
⚠️ 监控循环异常: unsupported operand type(s) for -: 'float' and 'str'
⚠️ 监控循环异常: unsupported operand type(s) for -: 'float' and 'str'
⚠️ 监控循环异常: unsupported operand type(s) for -: 'float' and 'str'
⚠️ 监控循环异常: unsupported operand type(s) for -: 'float' and 'str'
⚠️ 监控循环异常: unsupported operand type(s) for -: 'float' and 'str'
⚠️ 监控循环异常: unsupported operand type(s) for -: 'float' and 'str'
⚠️ 监控循环异常: unsupported operand type(s) for -: 'float' and 'str'
⚠️ 监控循环异常: unsupported operand type(s) for -: 'float' and 'str'
⚠️ 监控循环异常: unsupported operand type(s) for -: 'float' and 'str'
⚠️ 监控循环异常: unsupported operand type(s) for -: 'float' and 'str'
⚠️ 监控循环异常: unsupported operand type(s) for -: 'float' and 'str'
⚠️ 监控循环异常: unsupported operand type(s) for -: 'float' and 'str'
⚠️ 监控循环异常: unsupported operand type(s) for -: 'float' and 'str'
⚠️ 监控循环异常: unsupported operand type(s) for -: 'float' and 'str'
⚠️ 监控循环异常: unsupported operand type(s) for -: 'float' and 'str'
⚠️ 监控循环异常: unsupported operand type(s) for -: 'float' and 'str'
⚠️ 监控循环异常: unsupported operand type(s) for -: 'float' and 'str'
⚠️ 监控循环异常: unsupported operand type(s) for -: 'float' and 'str'
⚠️ 监控循环异常: unsupported operand type(s) for -: 'float' and 'str'
⚠️ 监控循环异常: unsupported operand type(s) for -: 'float' and 'str'
⚠️ 监控循环异常: unsupported operand type(s) for -: 'float' and 'str'
⚠️ 监控循环异常: unsupported operand type(s) for -: 'float' and 'str'
⚠️ 监控循环异常: unsupported operand type(s) for -: 'float' and 'str'
⚠️ 监控循环异常: unsupported operand type(s) for -: 'float' and 'str'
⚠️ 监控循环异常: unsupported operand type(s) for -: 'float' and 'str'
⚠️ 监控循环异常: unsupported operand type(s) for -: 'float' and 'str'
⚠️ 监控循环异常: unsupported operand type(s) for -: 'float' and 'str'
⚠️ 监控循环异常: unsupported operand type(s) for -: 'float' and 'str'
⚠️ 监控循环异常: unsupported operand type(s) for -: 'float' and 'str'
⚠️ 监控循环异常: unsupported operand type(s) for -: 'float' and 'str'
⚠️ 监控循环异常: unsupported operand type(s) for -: 'float' and 'str'
⚠️ 监控循环异常: unsupported operand type(s) for -: 'float' and 'str'
⚠️ 监控循环异常: unsupported operand type(s) for -: 'float' and 'str'
⚠️ 监控循环异常: unsupported operand type(s) for -: 'float' and 'str'
⚠️ 监控循环异常: unsupported operand type(s) for -: 'float' and 'str'
⚠️ 监控循环异常: unsupported operand type(s) for -: 'float' and 'str'
⚠️ 监控循环异常: unsupported operand type(s) for -: 'float' and 'str'
⚠️ 监控循环异常: unsupported operand type(s) for -: 'float' and 'str'
⚠️ 监控循环异常: unsupported operand type(s) for -: 'float' and 'str'
⚠️ 监控循环异常: unsupported operand type(s) for -: 'float' and 'str'
⚠️ 监控循环异常: unsupported operand type(s) for -: 'float' and 'str'
⚠️ 监控循环异常: unsupported operand type(s) for -: 'float' and 'str'
⚠️ 监控循环异常: unsupported operand type(s) for -: 'float' and 'str'
⚠️ 监控循环异常: unsupported operand type(s) for -: 'float' and 'str'
⚠️ 监控循环异常: unsupported operand type(s) for -: 'float' and 'str'
⚠️ 监控循环异常: unsupported operand type(s) for -: 'float' and 'str'
⚠️ 监控循环异常: unsupported operand type(s) for -: 'float' and 'str'
⚠️ 监控循环异常: unsupported operand type(s) for -: 'float' and 'str'
⚠️ 监控循环异常: unsupported operand type(s) for -: 'float' and 'str'
⚠️ 监控循环异常: unsupported operand type(s) for -: 'float' and 'str'
⚠️ 监控循环异常: unsupported operand type(s) for -: 'float' and 'str'
⚠️ 监控循环异常: unsupported operand type(s) for -: 'float' and 'str'
⚠️ 监控循环异常: unsupported operand type(s) for -: 'float' and 'str'
⚠️ 监控循环异常: unsupported operand type(s) for -: 'float' and 'str'
⚠️ 监控循环异常: unsupported operand type(s) for -: 'float' and 'str'
⚠️ 监控循环异常: unsupported operand type(s) for -: 'float' and 'str'
⚠️ 监控循环异常: unsupported operand type(s) for -: 'float' and 'str'
⚠️ 监控循环异常: unsupported operand type(s) for -: 'float' and 'str'
⚠️ 监控循环异常: unsupported operand type(s) for -: 'float' and 'str'
⚠️ 监控循环异常: unsupported operand type(s) for -: 'float' and 'str'
⚠️ 监控循环异常: unsupported operand type(s) for -: 'float' and 'str'
⚠️ 监控循环异常: unsupported operand type(s) for -: 'float' and 'str'
⚠️ 监控循环异常: unsupported operand type(s) for -: 'float' and 'str'
⚠️ 监控循环异常: unsupported operand type(s) for -: 'float' and 'str'
⚠️ 监控循环异常: unsupported operand type(s) for -: 'float' and 'str'
⚠️ 监控循环异常: unsupported operand type(s) for -: 'float' and 'str'
⚠️ 监控循环异常: unsupported operand type(s) for -: 'float' and 'str'
⚠️ 监控循环异常: unsupported operand type(s) for -: 'float' and 'str'
⚠️ 监控循环异常: unsupported operand type(s) for -: 'float' and 'str'
⚠️ 监控循环异常: unsupported operand type(s) for -: 'float' and 'str'
⚠️ 监控循环异常: unsupported operand type(s) for -: 'float' and 'str'
⚠️ 监控循环异常: unsupported operand type(s) for -: 'float' and 'str'
⚠️ 监控循环异常: unsupported operand type(s) for -: 'float' and 'str'
⚠️ 监控循环异常: unsupported operand type(s) for -: 'float' and 'str'
⚠️ 监控循环异常: unsupported operand type(s) for -: 'float' and 'str'
⚠️ 监控循环异常: unsupported operand type(s) for -: 'float' and 'str'
⚠️ 监控循环异常: unsupported operand type(s) for -: 'float' and 'str'
⚠️ 监控循环异常: unsupported operand type(s) for -: 'float' and 'str'
⚠️ 监控循环异常: unsupported operand type(s) for -: 'float' and 'str'
⚠️ 监控循环异常: unsupported operand type(s) for -: 'float' and 'str'
⚠️ 监控循环异常: unsupported operand type(s) for -: 'float' and 'str'
⚠️ 监控循环异常: unsupported operand type(s) for -: 'float' and 'str'
⚠️ 监控循环异常: unsupported operand type(s) for -: 'float' and 'str'
⚠️ 监控循环异常: unsupported operand type(s) for -: 'float' and 'str'
⚠️ 监控循环异常: unsupported operand type(s) for -: 'float' and 'str'
⚠️ 监控循环异常: unsupported operand type(s) for -: 'float' and 'str'
⚠️ 监控循环异常: unsupported operand type(s) for -: 'float' and 'str'
⚠️ 监控循环异常: unsupported operand type(s) for -: 'float' and 'str'
⚠️ 监控循环异常: unsupported operand type(s) for -: 'float' and 'str'
⚠️ 监控循环异常: unsupported operand type(s) for -: 'float' and 'str'
⚠️ 监控循环异常: unsupported operand type(s) for -: 'float' and 'str'
⚠️ 监控循环异常: unsupported operand type(s) for -: 'float' and 'str'
⚠️ 监控循环异常: unsupported operand type(s) for -: 'float' and 'str'
⚠️ 监控循环异常: unsupported operand type(s) for -: 'float' and 'str'
⚠️ 监控循环异常: unsupported operand type(s) for -: 'float' and 'str'
⚠️ 监控循环异常: unsupported operand type(s) for -: 'float' and 'str'
⚠️ 监控循环异常: unsupported operand type(s) for -: 'float' and 'str'
⚠️ 监控循环异常: unsupported operand type(s) for -: 'float' and 'str'
⚠️ 监控循环异常: unsupported operand type(s) for -: 'float' and 'str'
⚠️ 监控循环异常: unsupported operand type(s) for -: 'float' and 'str'
⚠️ 监控循环异常: unsupported operand type(s) for -: 'float' and 'str'
⚠️ 监控循环异常: unsupported operand type(s) for -: 'float' and 'str'
⚠️ 监控循环异常: unsupported operand type(s) for -: 'float' and 'str'
⚠️ 监控循环异常: unsupported operand type(s) for -: 'float' and 'str'
⚠️ 监控循环异常: unsupported operand type(s) for -: 'float' and 'str'
⚠️ 监控循环异常: unsupported operand type(s) for -: 'float' and 'str'
⚠️ 监控循环异常: unsupported operand type(s) for -: 'float' and 'str'
⚠️ 监控循环异常: unsupported operand type(s) for -: 'float' and 'str'
⚠️ 监控循环异常: unsupported operand type(s) for -: 'float' and 'str'
⚠️ 监控循环异常: unsupported operand type(s) for -: 'float' and 'str'
⚠️ 监控循环异常: unsupported operand type(s) for -: 'float' and 'str'
⚠️ 监控循环异常: unsupported operand type(s) for -: 'float' and 'str'
⚠️ 监控循环异常: unsupported operand type(s) for -: 'float' and 'str'
⚠️ 监控循环异常: unsupported operand type(s) for -: 'float' and 'str'
⚠️ 监控循环异常: unsupported operand type(s) for -: 'float' and 'str'
⚠️ 监控循环异常: unsupported operand type(s) for -: 'float' and 'str'
⚠️ 监控循环异常: unsupported operand type(s) for -: 'float' and 'str'
⚠️ 监控循环异常: unsupported operand type(s) for -: 'float' and 'str'
⚠️ 监控循环异常: unsupported operand type(s) for -: 'float' and 'str'
⚠️ 监控循环异常: unsupported operand type(s) for -: 'float' and 'str'
⚠️ 监控循环异常: unsupported operand type(s) for -: 'float' and 'str'
⚠️ 监控循环异常: unsupported operand type(s) for -: 'float' and 'str'
⚠️ 监控循环异常: unsupported operand type(s) for -: 'float' and 'str'
⚠️ 监控循环异常: unsupported operand type(s) for -: 'float' and 'str'
⚠️ 监控循环异常: unsupported operand type(s) for -: 'float' and 'str'
⚠️ 监控循环异常: unsupported operand type(s) for -: 'float' and 'str'
⚠️ 监控循环异常: unsupported operand type(s) for -: 'float' and 'str'
⚠️ 监控循环异常: unsupported operand type(s) for -: 'float' and 'str'
⚠️ 监控循环异常: unsupported operand type(s) for -: 'float' and 'str'
⚠️ 监控循环异常: unsupported operand type(s) for -: 'float' and 'str'
⚠️ 监控循环异常: unsupported operand type(s) for -: 'float' and 'str'
⚠️ 监控循环异常: unsupported operand type(s) for -: 'float' and 'str'
⚠️ 监控循环异常: unsupported operand type(s) for -: 'float' and 'str'
⚠️ 监控循环异常: unsupported operand type(s) for -: 'float' and 'str'
⚠️ 监控循环异常: unsupported operand type(s) for -: 'float' and 'str'
⚠️ 监控循环异常: unsupported operand type(s) for -: 'float' and 'str'
⚠️ 监控循环异常: unsupported operand type(s) for -: 'float' and 'str'
⚠️ 监控循环异常: unsupported operand type(s) for -: 'float' and 'str'
⚠️ 监控循环异常: unsupported operand type(s) for -: 'float' and 'str'
⚠️ 监控循环异常: unsupported operand type(s) for -: 'float' and 'str'
⚠️ 监控循环异常: unsupported operand type(s) for -: 'float' and 'str'
⚠️ 监控循环异常: unsupported operand type(s) for -: 'float' and 'str'
⚠️ 监控循环异常: unsupported operand type(s) for -: 'float' and 'str'
⚠️ 监控循环异常: unsupported operand type(s) for -: 'float' and 'str'
⚠️ 监控循环异常: unsupported operand type(s) for -: 'float' and 'str'
⚠️ 监控循环异常: unsupported operand type(s) for -: 'float' and 'str'
⚠️ 监控循环异常: unsupported operand type(s) for -: 'float' and 'str'
⚠️ 监控循环异常: unsupported operand type(s) for -: 'float' and 'str'
⚠️ 监控循环异常: unsupported operand type(s) for -: 'float' and 'str'
⚠️ 监控循环异常: unsupported operand type(s) for -: 'float' and 'str'
⚠️ 监控循环异常: unsupported operand type(s) for -: 'float' and 'str'
⚠️ 监控循环异常: unsupported operand type(s) for -: 'float' and 'str'
⚠️ 监控循环异常: unsupported operand type(s) for -: 'float' and 'str'
⚠️ 监控循环异常: unsupported operand type(s) for -: 'float' and 'str'
⚠️ 监控循环异常: unsupported operand type(s) for -: 'float' and 'str'
⚠️ 监控循环异常: unsupported operand type(s) for -: 'float' and 'str'
⚠️ 监控循环异常: unsupported operand type(s) for -: 'float' and 'str'
⚠️ 监控循环异常: unsupported operand type(s) for -: 'float' and 'str'
⚠️ 监控循环异常: unsupported operand type(s) for -: 'float' and 'str'
⚠️ 监控循环异常: unsupported operand type(s) for -: 'float' and 'str'
⚠️ 监控循环异常: unsupported operand type(s) for -: 'float' and 'str'
⚠️ 监控循环异常: unsupported operand type(s) for -: 'float' and 'str'
⚠️ 监控循环异常: unsupported operand type(s) for -: 'float' and 'str'
⚠️ 监控循环异常: unsupported operand type(s) for -: 'float' and 'str'
⚠️ 监控循环异常: unsupported operand type(s) for -: 'float' and 'str'
⚠️ 监控循环异常: unsupported operand type(s) for -: 'float' and 'str'
⚠️ 监控循环异常: unsupported operand type(s) for -: 'float' and 'str'
⚠️ 监控循环异常: unsupported operand type(s) for -: 'float' and 'str'
⚠️ 监控循环异常: unsupported operand type(s) for -: 'float' and 'str'
⚠️ 监控循环异常: unsupported operand type(s) for -: 'float' and 'str'
⚠️ 监控循环异常: unsupported operand type(s) for -: 'float' and 'str'
⚠️ 监控循环异常: unsupported operand type(s) for -: 'float' and 'str'
⚠️ 监控循环异常: unsupported operand type(s) for -: 'float' and 'str'
⚠️ 监控循环异常: unsupported operand type(s) for -: 'float' and 'str'
⚠️ 监控循环异常: unsupported operand type(s) for -: 'float' and 'str'
⚠️ 监控循环异常: unsupported operand type(s) for -: 'float' and 'str'
⚠️ 监控循环异常: unsupported operand type(s) for -: 'float' and 'str'
⚠️ 监控循环异常: unsupported operand type(s) for -: 'float' and 'str'
⚠️ 监控循环异常: unsupported operand type(s) for -: 'float' and 'str'
⚠️ 监控循环异常: unsupported operand type(s) for -: 'float' and 'str'
⚠️ 监控循环异常: unsupported operand type(s) for -: 'float' and 'str'
⚠️ 监控循环异常: unsupported operand type(s) for -: 'float' and 'str'
⚠️ 监控循环异常: unsupported operand type(s) for -: 'float' and 'str'
⚠️ 监控循环异常: unsupported operand type(s) for -: 'float' and 'str'
⚠️ 监控循环异常: unsupported operand type(s) for -: 'float' and 'str'
⚠️ 监控循环异常: unsupported operand type(s) for -: 'float' and 'str'
⚠️ 监控循环异常: unsupported operand type(s) for -: 'float' and 'str'
⚠️ 监控循环异常: unsupported operand type(s) for -: 'float' and 'str'
⚠️ 监控循环异常: unsupported operand type(s) for -: 'float' and 'str'
⚠️ 监控循环异常: unsupported operand type(s) for -: 'float' and 'str'
⚠️ 监控循环异常: unsupported operand type(s) for -: 'float' and 'str'
⚠️ 监控循环异常: unsupported operand type(s) for -: 'float' and 'str'
⚠️ 监控循环异常: unsupported operand type(s) for -: 'float' and 'str'
⚠️ 监控循环异常: unsupported operand type(s) for -: 'float' and 'str'
⚠️ 监控循环异常: unsupported operand type(s) for -: 'float' and 'str'
⚠️ 监控循环异常: unsupported operand type(s) for -: 'float' and 'str'
⚠️ 监控循环异常: unsupported operand type(s) for -: 'float' and 'str'
⚠️ 监控循环异常: unsupported operand type(s) for -: 'float' and 'str'
⚠️ 监控循环异常: unsupported operand type(s) for -: 'float' and 'str'
⚠️ 监控循环异常: unsupported operand type(s) for -: 'float' and 'str'
⚠️ 监控循环异常: unsupported operand type(s) for -: 'float' and 'str'
⚠️ 监控循环异常: unsupported operand type(s) for -: 'float' and 'str'
⚠️ 监控循环异常: unsupported operand type(s) for -: 'float' and 'str'
⚠️ 监控循环异常: unsupported operand type(s) for -: 'float' and 'str'
⚠️ 监控循环异常: unsupported operand type(s) for -: 'float' and 'str'
⚠️ 监控循环异常: unsupported operand type(s) for -: 'float' and 'str'
⚠️ 监控循环异常: unsupported operand type(s) for -: 'float' and 'str'
⚠️ 监控循环异常: unsupported operand type(s) for -: 'float' and 'str'
⚠️ 监控循环异常: unsupported operand type(s) for -: 'float' and 'str'
⚠️ 监控循环异常: unsupported operand type(s) for -: 'float' and 'str'
⚠️ 监控循环异常: unsupported operand type(s) for -: 'float' and 'str'
⚠️ 监控循环异常: unsupported operand type(s) for -: 'float' and 'str'
⚠️ 监控循环异常: unsupported operand type(s) for -: 'float' and 'str'
⚠️ 监控循环异常: unsupported operand type(s) for -: 'float' and 'str'
⚠️ 监控循环异常: unsupported operand type(s) for -: 'float' and 'str'
⚠️ 监控循环异常: unsupported operand type(s) for -: 'float' and 'str'
⚠️ 监控循环异常: unsupported operand type(s) for -: 'float' and 'str'
⚠️ 监控循环异常: unsupported operand type(s) for -: 'float' and 'str'
⚠️ 监控循环异常: unsupported operand type(s) for -: 'float' and 'str'
⚠️ 监控循环异常: unsupported operand type(s) for -: 'float' and 'str'
⚠️ 监控循环异常: unsupported operand type(s) for -: 'float' and 'str'
⚠️ 监控循环异常: unsupported operand type(s) for -: 'float' and 'str'
⚠️ 监控循环异常: unsupported operand type(s) for -: 'float' and 'str'
⚠️ 监控循环异常: unsupported operand type(s) for -: 'float' and 'str'
⚠️ 监控循环异常: unsupported operand type(s) for -: 'float' and 'str'
⚠️ 监控循环异常: unsupported operand type(s) for -: 'float' and 'str'
⚠️ 监控循环异常: unsupported operand type(s) for -: 'float' and 'str'
⚠️ 监控循环异常: unsupported operand type(s) for -: 'float' and 'str'
⚠️ 监控循环异常: unsupported operand type(s) for -: 'float' and 'str'
⚠️ 监控循环异常: unsupported operand type(s) for -: 'float' and 'str'
⚠️ 监控循环异常: unsupported operand type(s) for -: 'float' and 'str'
⚠️ 监控循环异常: unsupported operand type(s) for -: 'float' and 'str'
⚠️ 监控循环异常: unsupported operand type(s) for -: 'float' and 'str'
⚠️ 监控循环异常: unsupported operand type(s) for -: 'float' and 'str'
⚠️ 监控循环异常: unsupported operand type(s) for -: 'float' and 'str'
⚠️ 监控循环异常: unsupported operand type(s) for -: 'float' and 'str'
⚠️ 监控循环异常: unsupported operand type(s) for -: 'float' and 'str'
⚠️ 监控循环异常: unsupported operand type(s) for -: 'float' and 'str'
⚠️ 监控循环异常: unsupported operand type(s) for -: 'float' and 'str'
⚠️ 监控循环异常: unsupported operand type(s) for -: 'float' and 'str'
⚠️ 监控循环异常: unsupported operand type(s) for -: 'float' and 'str'
⚠️ 监控循环异常: unsupported operand type(s) for -: 'float' and 'str'
⚠️ 监控循环异常: unsupported operand type(s) for -: 'float' and 'str'
⚠️ 监控循环异常: unsupported operand type(s) for -: 'float' and 'str'
⚠️ 监控循环异常: unsupported operand type(s) for -: 'float' and 'str'
⚠️ 监控循环异常: unsupported operand type(s) for -: 'float' and 'str'
⚠️ 监控循环异常: unsupported operand type(s) for -: 'float' and 'str'
⚠️ 监控循环异常: unsupported operand type(s) for -: 'float' and 'str'
⚠️ 监控循环异常: unsupported operand type(s) for -: 'float' and 'str'
⚠️ 监控循环异常: unsupported operand type(s) for -: 'float' and 'str'
⚠️ 监控循环异常: unsupported operand type(s) for -: 'float' and 'str'
⚠️ 监控循环异常: unsupported operand type(s) for -: 'float' and 'str'
⚠️ 监控循环异常: unsupported operand type(s) for -: 'float' and 'str'
⚠️ 监控循环异常: unsupported operand type(s) for -: 'float' and 'str'
⚠️ 监控循环异常: unsupported operand type(s) for -: 'float' and 'str'
⚠️ 监控循环异常: unsupported operand type(s) for -: 'float' and 'str'
⚠️ 监控循环异常: unsupported operand type(s) for -: 'float' and 'str'
⚠️ 监控循环异常: unsupported operand type(s) for -: 'float' and 'str'
⚠️ 监控循环异常: unsupported operand type(s) for -: 'float' and 'str'
⚠️ 监控循环异常: unsupported operand type(s) for -: 'float' and 'str'
⚠️ 监控循环异常: unsupported operand type(s) for -: 'float' and 'str'
⚠️ 监控循环异常: unsupported operand type(s) for -: 'float' and 'str'
⚠️ 监控循环异常: unsupported operand type(s) for -: 'float' and 'str'
⚠️ 监控循环异常: unsupported operand type(s) for -: 'float' and 'str'
⚠️ 监控循环异常: unsupported operand type(s) for -: 'float' and 'str'
⚠️ 监控循环异常: unsupported operand type(s) for -: 'float' and 'str'
⚠️ 监控循环异常: unsupported operand type(s) for -: 'float' and 'str'
⚠️ 监控循环异常: unsupported operand type(s) for -: 'float' and 'str'
⚠️ 监控循环异常: unsupported operand type(s) for -: 'float' and 'str'
⚠️ 监控循环异常: unsupported operand type(s) for -: 'float' and 'str'
⚠️ 监控循环异常: unsupported operand type(s) for -: 'float' and 'str'
⚠️ 监控循环异常: unsupported operand type(s) for -: 'float' and 'str'
⚠️ 监控循环异常: unsupported operand type(s) for -: 'float' and 'str'
⚠️ 监控循环异常: unsupported operand type(s) for -: 'float' and 'str'
⚠️ 监控循环异常: unsupported operand type(s) for -: 'float' and 'str'
⚠️ 监控循环异常: unsupported operand type(s) for -: 'float' and 'str'
⚠️ 监控循环异常: unsupported operand type(s) for -: 'float' and 'str'
⚠️ 监控循环异常: unsupported operand type(s) for -: 'float' and 'str'
⚠️ 监控循环异常: unsupported operand type(s) for -: 'float' and 'str'
⚠️ 监控循环异常: unsupported operand type(s) for -: 'float' and 'str'
⚠️ 监控循环异常: unsupported operand type(s) for -: 'float' and 'str'
⚠️ 监控循环异常: unsupported operand type(s) for -: 'float' and 'str'
⚠️ 监控循环异常: unsupported operand type(s) for -: 'float' and 'str'
⚠️ 监控循环异常: unsupported operand type(s) for -: 'float' and 'str'
⚠️ 监控循环异常: unsupported operand type(s) for -: 'float' and 'str'
⚠️ 监控循环异常: unsupported operand type(s) for -: 'float' and 'str'
⚠️ 监控循环异常: unsupported operand type(s) for -: 'float' and 'str'
⚠️ 监控循环异常: unsupported operand type(s) for -: 'float' and 'str'
⚠️ 监控循环异常: unsupported operand type(s) for -: 'float' and 'str'
⚠️ 监控循环异常: unsupported operand type(s) for -: 'float' and 'str'
⚠️ 监控循环异常: unsupported operand type(s) for -: 'float' and 'str'
⚠️ 监控循环异常: unsupported operand type(s) for -: 'float' and 'str'
⚠️ 监控循环异常: unsupported operand type(s) for -: 'float' and 'str'
⚠️ 监控循环异常: unsupported operand type(s) for -: 'float' and 'str'
⚠️ 监控循环异常: unsupported operand type(s) for -: 'float' and 'str'
⚠️ 监控循环异常: unsupported operand type(s) for -: 'float' and 'str'
⚠️ 监控循环异常: unsupported operand type(s) for -: 'float' and 'str'
⚠️ 监控循环异常: unsupported operand type(s) for -: 'float' and 'str'
⚠️ 监控循环异常: unsupported operand type(s) for -: 'float' and 'str'
⚠️ 监控循环异常: unsupported operand type(s) for -: 'float' and 'str'
⚠️ 监控循环异常: unsupported operand type(s) for -: 'float' and 'str'
⚠️ 监控循环异常: unsupported operand type(s) for -: 'float' and 'str'
⚠️ 监控循环异常: unsupported operand type(s) for -: 'float' and 'str'
⚠️ 监控循环异常: unsupported operand type(s) for -: 'float' and 'str'
⚠️ 监控循环异常: unsupported operand type(s) for -: 'float' and 'str'
⚠️ 监控循环异常: unsupported operand type(s) for -: 'float' and 'str'
⚠️ 监控循环异常: unsupported operand type(s) for -: 'float' and 'str'
⚠️ 监控循环异常: unsupported operand type(s) for -: 'float' and 'str'
⚠️ 监控循环异常: unsupported operand type(s) for -: 'float' and 'str'
⚠️ 监控循环异常: unsupported operand type(s) for -: 'float' and 'str'
⚠️ 监控循环异常: unsupported operand type(s) for -: 'float' and 'str'
⚠️ 监控循环异常: unsupported operand type(s) for -: 'float' and 'str'
⚠️ 监控循环异常: unsupported operand type(s) for -: 'float' and 'str'
⚠️ 监控循环异常: unsupported operand type(s) for -: 'float' and 'str'
⚠️ 监控循环异常: unsupported operand type(s) for -: 'float' and 'str'
⚠️ 监控循环异常: unsupported operand type(s) for -: 'float' and 'str'
⚠️ 监控循环异常: unsupported operand type(s) for -: 'float' and 'str'
⚠️ 监控循环异常: unsupported operand type(s) for -: 'float' and 'str'
⚠️ 监控循环异常: unsupported operand type(s) for -: 'float' and 'str'
⚠️ 监控循环异常: unsupported operand type(s) for -: 'float' and 'str'
⚠️ 监控循环异常: unsupported operand type(s) for -: 'float' and 'str'
⚠️ 监控循环异常: unsupported operand type(s) for -: 'float' and 'str'
⚠️ 监控循环异常: unsupported operand type(s) for -: 'float' and 'str'
⚠️ 监控循环异常: unsupported operand type(s) for -: 'float' and 'str'
⚠️ 监控循环异常: unsupported operand type(s) for -: 'float' and 'str'
⚠️ 监控循环异常: unsupported operand type(s) for -: 'float' and 'str'
⚠️ 监控循环异常: unsupported operand type(s) for -: 'float' and 'str'
⚠️ 监控循环异常: unsupported operand type(s) for -: 'float' and 'str'
⚠️ 监控循环异常: unsupported operand type(s) for -: 'float' and 'str'
⚠️ 监控循环异常: unsupported operand type(s) for -: 'float' and 'str'
⚠️ 监控循环异常: unsupported operand type(s) for -: 'float' and 'str'
⚠️ 监控循环异常: unsupported operand type(s) for -: 'float' and 'str'
⚠️ 监控循环异常: unsupported operand type(s) for -: 'float' and 'str'
⚠️ 监控循环异常: unsupported operand type(s) for -: 'float' and 'str'
⚠️ 监控循环异常: unsupported operand type(s) for -: 'float' and 'str'
⚠️ 监控循环异常: unsupported operand type(s) for -: 'float' and 'str'
⚠️ 监控循环异常: unsupported operand type(s) for -: 'float' and 'str'
⚠️ 监控循环异常: unsupported operand type(s) for -: 'float' and 'str'
⚠️ 监控循环异常: unsupported operand type(s) for -: 'float' and 'str'
⚠️ 监控循环异常: unsupported operand type(s) for -: 'float' and 'str'
⚠️ 监控循环异常: unsupported operand type(s) for -: 'float' and 'str'
⚠️ 监控循环异常: unsupported operand type(s) for -: 'float' and 'str'
⚠️ 监控循环异常: unsupported operand type(s) for -: 'float' and 'str'
⚠️ 监控循环异常: unsupported operand type(s) for -: 'float' and 'str'
⚠️ 监控循环异常: unsupported operand type(s) for -: 'float' and 'str'
⚠️ 监控循环异常: unsupported operand type(s) for -: 'float' and 'str'
⚠️ 监控循环异常: unsupported operand type(s) for -: 'float' and 'str'
⚠️ 监控循环异常: unsupported operand type(s) for -: 'float' and 'str'
⚠️ 监控循环异常: unsupported operand type(s) for -: 'float' and 'str'
⚠️ 监控循环异常: unsupported operand type(s) for -: 'float' and 'str'
⚠️ 监控循环异常: unsupported operand type(s) for -: 'float' and 'str'
⚠️ 监控循环异常: unsupported operand type(s) for -: 'float' and 'str'
⚠️ 监控循环异常: unsupported operand type(s) for -: 'float' and 'str'
⚠️ 监控循环异常: unsupported operand type(s) for -: 'float' and 'str'
⚠️ 监控循环异常: unsupported operand type(s) for -: 'float' and 'str'
⚠️ 监控循环异常: unsupported operand type(s) for -: 'float' and 'str'
⚠️ 监控循环异常: unsupported operand type(s) for -: 'float' and 'str'
⚠️ 监控循环异常: unsupported operand type(s) for -: 'float' and 'str'
⚠️ 监控循环异常: unsupported operand type(s) for -: 'float' and 'str'
⚠️ 监控循环异常: unsupported operand type(s) for -: 'float' and 'str'
⚠️ 监控循环异常: unsupported operand type(s) for -: 'float' and 'str'
⚠️ 监控循环异常: unsupported operand type(s) for -: 'float' and 'str'
⚠️ 监控循环异常: unsupported operand type(s) for -: 'float' and 'str'
⚠️ 监控循环异常: unsupported operand type(s) for -: 'float' and 'str'
⚠️ 监控循环异常: unsupported operand type(s) for -: 'float' and 'str'
⚠️ 监控循环异常: unsupported operand type(s) for -: 'float' and 'str'
⚠️ 监控循环异常: unsupported operand type(s) for -: 'float' and 'str'
⚠️ 监控循环异常: unsupported operand type(s) for -: 'float' and 'str'
⚠️ 监控循环异常: unsupported operand type(s) for -: 'float' and 'str'
⚠️ 监控循环异常: unsupported operand type(s) for -: 'float' and 'str'
⚠️ 监控循环异常: unsupported operand type(s) for -: 'float' and 'str'
⚠️ 监控循环异常: unsupported operand type(s) for -: 'float' and 'str'
⚠️ 监控循环异常: unsupported operand type(s) for -: 'float' and 'str'
⚠️ 监控循环异常: unsupported operand type(s) for -: 'float' and 'str'
⚠️ 监控循环异常: unsupported operand type(s) for -: 'float' and 'str'
⚠️ 监控循环异常: unsupported operand type(s) for -: 'float' and 'str'
⚠️ 监控循环异常: unsupported operand type(s) for -: 'float' and 'str'
⚠️ 监控循环异常: unsupported operand type(s) for -: 'float' and 'str'
2026-03-06 00:23:44,235 [INFO] werkzeug: 127.0.0.1 - - [06/Mar/2026 00:23:44] "GET /health HTTP/1.1" 200 -
2026-03-06 00:23:53,185 [INFO] werkzeug: 127.0.0.1 - - [06/Mar/2026 00:23:53] "GET /health HTTP/1.1" 200 -
⚠️ 监控循环异常: unsupported operand type(s) for -: 'float' and 'str'
⚠️ 监控循环异常: unsupported operand type(s) for -: 'float' and 'str'
⚠️ 监控循环异常: unsupported operand type(s) for -: 'float' and 'str'
⚠️ 监控循环异常: unsupported operand type(s) for -: 'float' and 'str'
⚠️ 监控循环异常: unsupported operand type(s) for -: 'float' and 'str'
⚠️ 监控循环异常: unsupported operand type(s) for -: 'float' and 'str'
⚠️ 监控循环异常: unsupported operand type(s) for -: 'float' and 'str'
⚠️ 监控循环异常: unsupported operand type(s) for -: 'float' and 'str'
⚠️ 监控循环异常: unsupported operand type(s) for -: 'float' and 'str'
⚠️ 监控循环异常: unsupported operand type(s) for -: 'float' and 'str'
⚠️ 监控循环异常: unsupported operand type(s) for -: 'float' and 'str'
⚠️ 监控循环异常: unsupported operand type(s) for -: 'float' and 'str'
⚠️ 监控循环异常: unsupported operand type(s) for -: 'float' and 'str'
⚠️ 监控循环异常: unsupported operand type(s) for -: 'float' and 'str'
⚠️ 监控循环异常: unsupported operand type(s) for -: 'float' and 'str'
⚠️ 监控循环异常: unsupported operand type(s) for -: 'float' and 'str'
⚠️ 监控循环异常: unsupported operand type(s) for -: 'float' and 'str'
⚠️ 监控循环异常: unsupported operand type(s) for -: 'float' and 'str'
⚠️ 监控循环异常: unsupported operand type(s) for -: 'float' and 'str'
⚠️ 监控循环异常: unsupported operand type(s) for -: 'float' and 'str'
⚠️ 监控循环异常: unsupported operand type(s) for -: 'float' and 'str'
⚠️ 监控循环异常: unsupported operand type(s) for -: 'float' and 'str'
⚠️ 监控循环异常: unsupported operand type(s) for -: 'float' and 'str'
⚠️ 监控循环异常: unsupported operand type(s) for -: 'float' and 'str'
⚠️ 监控循环异常: unsupported operand type(s) for -: 'float' and 'str'
⚠️ 监控循环异常: unsupported operand type(s) for -: 'float' and 'str'
⚠️ 监控循环异常: unsupported operand type(s) for -: 'float' and 'str'
⚠️ 监控循环异常: unsupported operand type(s) for -: 'float' and 'str'
⚠️ 监控循环异常: unsupported operand type(s) for -: 'float' and 'str'
⚠️ 监控循环异常: unsupported operand type(s) for -: 'float' and 'str'
⚠️ 监控循环异常: unsupported operand type(s) for -: 'float' and 'str'
⚠️ 监控循环异常: unsupported operand type(s) for -: 'float' and 'str'
⚠️ 监控循环异常: unsupported operand type(s) for -: 'float' and 'str'
⚠️ 监控循环异常: unsupported operand type(s) for -: 'float' and 'str'
⚠️ 监控循环异常: unsupported operand type(s) for -: 'float' and 'str'
⚠️ 监控循环异常: unsupported operand type(s) for -: 'float' and 'str'
⚠️ 监控循环异常: unsupported operand type(s) for -: 'float' and 'str'
⚠️ 监控循环异常: unsupported operand type(s) for -: 'float' and 'str'
⚠️ 监控循环异常: unsupported operand type(s) for -: 'float' and 'str'
⚠️ 监控循环异常: unsupported operand type(s) for -: 'float' and 'str'
⚠️ 监控循环异常: unsupported operand type(s) for -: 'float' and 'str'
⚠️ 监控循环异常: unsupported operand type(s) for -: 'float' and 'str'
⚠️ 监控循环异常: unsupported operand type(s) for -: 'float' and 'str'
⚠️ 监控循环异常: unsupported operand type(s) for -: 'float' and 'str'
⚠️ 监控循环异常: unsupported operand type(s) for -: 'float' and 'str'
⚠️ 监控循环异常: unsupported operand type(s) for -: 'float' and 'str'
⚠️ 监控循环异常: unsupported operand type(s) for -: 'float' and 'str'
⚠️ 监控循环异常: unsupported operand type(s) for -: 'float' and 'str'
⚠️ 监控循环异常: unsupported operand type(s) for -: 'float' and 'str'
⚠️ 监控循环异常: unsupported operand type(s) for -: 'float' and 'str'
⚠️ 监控循环异常: unsupported operand type(s) for -: 'float' and 'str'
⚠️ 监控循环异常: unsupported operand type(s) for -: 'float' and 'str'
⚠️ 监控循环异常: unsupported operand type(s) for -: 'float' and 'str'
⚠️ 监控循环异常: unsupported operand type(s) for -: 'float' and 'str'
⚠️ 监控循环异常: unsupported operand type(s) for -: 'float' and 'str'
⚠️ 监控循环异常: unsupported operand type(s) for -: 'float' and 'str'
⚠️ 监控循环异常: unsupported operand type(s) for -: 'float' and 'str'
⚠️ 监控循环异常: unsupported operand type(s) for -: 'float' and 'str'
⚠️ 监控循环异常: unsupported operand type(s) for -: 'float' and 'str'
⚠️ 监控循环异常: unsupported operand type(s) for -: 'float' and 'str'
⚠️ 监控循环异常: unsupported operand type(s) for -: 'float' and 'str'
⚠️ 监控循环异常: unsupported operand type(s) for -: 'float' and 'str'
⚠️ 监控循环异常: unsupported operand type(s) for -: 'float' and 'str'
⚠️ 监控循环异常: unsupported operand type(s) for -: 'float' and 'str'
⚠️ 监控循环异常: unsupported operand type(s) for -: 'float' and 'str'
⚠️ 监控循环异常: unsupported operand type(s) for -: 'float' and 'str'
⚠️ 监控循环异常: unsupported operand type(s) for -: 'float' and 'str'
⚠️ 监控循环异常: unsupported operand type(s) for -: 'float' and 'str'
⚠️ 监控循环异常: unsupported operand type(s) for -: 'float' and 'str'
⚠️ 监控循环异常: unsupported operand type(s) for -: 'float' and 'str'
⚠️ 监控循环异常: unsupported operand type(s) for -: 'float' and 'str'
⚠️ 监控循环异常: unsupported operand type(s) for -: 'float' and 'str'
⚠️ 监控循环异常: unsupported operand type(s) for -: 'float' and 'str'
⚠️ 监控循环异常: unsupported operand type(s) for -: 'float' and 'str'
⚠️ 监控循环异常: unsupported operand type(s) for -: 'float' and 'str'
⚠️ 监控循环异常: unsupported operand type(s) for -: 'float' and 'str'
⚠️ 监控循环异常: unsupported operand type(s) for -: 'float' and 'str'
⚠️ 监控循环异常: unsupported operand type(s) for -: 'float' and 'str'
⚠️ 监控循环异常: unsupported operand type(s) for -: 'float' and 'str'
⚠️ 监控循环异常: unsupported operand type(s) for -: 'float' and 'str'
⚠️ 监控循环异常: unsupported operand type(s) for -: 'float' and 'str'
⚠️ 监控循环异常: unsupported operand type(s) for -: 'float' and 'str'
⚠️ 监控循环异常: unsupported operand type(s) for -: 'float' and 'str'
⚠️ 监控循环异常: unsupported operand type(s) for -: 'float' and 'str'
⚠️ 监控循环异常: unsupported operand type(s) for -: 'float' and 'str'
⚠️ 监控循环异常: unsupported operand type(s) for -: 'float' and 'str'
⚠️ 监控循环异常: unsupported operand type(s) for -: 'float' and 'str'
⚠️ 监控循环异常: unsupported operand type(s) for -: 'float' and 'str'
⚠️ 监控循环异常: unsupported operand type(s) for -: 'float' and 'str'
⚠️ 监控循环异常: unsupported operand type(s) for -: 'float' and 'str'
⚠️ 监控循环异常: unsupported operand type(s) for -: 'float' and 'str'
⚠️ 监控循环异常: unsupported operand type(s) for -: 'float' and 'str'
⚠️ 监控循环异常: unsupported operand type(s) for -: 'float' and 'str'
⚠️ 监控循环异常: unsupported operand type(s) for -: 'float' and 'str'
⚠️ 监控循环异常: unsupported operand type(s) for -: 'float' and 'str'
⚠️ 监控循环异常: unsupported operand type(s) for -: 'float' and 'str'
⚠️ 监控循环异常: unsupported operand type(s) for -: 'float' and 'str'
⚠️ 监控循环异常: unsupported operand type(s) for -: 'float' and 'str'
⚠️ 监控循环异常: unsupported operand type(s) for -: 'float' and 'str'
⚠️ 监控循环异常: unsupported operand type(s) for -: 'float' and 'str'
⚠️ 监控循环异常: unsupported operand type(s) for -: 'float' and 'str'
⚠️ 监控循环异常: unsupported operand type(s) for -: 'float' and 'str'
